<?xml version="1.0" encoding="UTF-8"?>
<!-- Generated by org.testng.reporters.JUnitXMLReporter -->
<testsuite hostname="NILAMMA-W10" name="Test" tests="5" failures="4" timestamp="5 May 2022 07:01:02 GMT" time="232.411" errors="0">
  <testcase name="TS001_VerifyMarketPlannerLoginTest" time="2.848" classname="atlantamarket.AtlantaMarketSmokeTest_PROD">
    <failure type="org.openqa.selenium.WebDriverException" message="element click intercepted: Element &amp;lt;a href=&amp;quot;/identity/login/atlanta-market/SitecoreIdentityServer/IdS4-AzureB2C&amp;quot; class=&amp;quot;imc-header-user-icon--loginlink&amp;quot; target=&amp;quot;&amp;quot;&amp;gt;...&amp;lt;/a&amp;gt; is not clickable at point (1279, 15). Other element would receive the click: &amp;lt;label class=&amp;quot;contact-cover&amp;quot; for=&amp;quot;exitcontact&amp;quot;&amp;gt;&amp;lt;/label&amp;gt;
  (Session info: chrome=101.0.4951.54)
Build info: version: &amp;apos;3.4.0&amp;apos;, revision: &amp;apos;unknown&amp;apos;, time: &amp;apos;unknown&amp;apos;
System info: host: &amp;apos;NILAMMA-W10&amp;apos;, ip: &amp;apos;192.168.68.2&amp;apos;, os.name: &amp;apos;Windows 10&amp;apos;, os.arch: &amp;apos;amd64&amp;apos;, os.version: &amp;apos;10.0&amp;apos;, java.version: &amp;apos;1.8.0_161&amp;apos;
Driver info: org.openqa.selenium.chrome.ChromeDriver
Capabilities [{networkConnectionEnabled=false, chrome={chromedriverVersion=100.0.4896.60 (6a5d10861ce8de5fce22564658033b43cb7de047-refs/branch-heads/4896@{#875}), userDataDir=C:\Users\nilamma\AppData\Local\Temp\scoped_dir1784_382417683}, timeouts={implicit=0.0, pageLoad=300000.0, script=30000.0}, pageLoadStrategy=normal, unhandledPromptBehavior=dismiss and notify, strictFileInteractability=false, platform=ANY, proxy=Proxy(), goog:chromeOptions={debuggerAddress=localhost:51273}, webauthn:extension:credBlob=true, acceptInsecureCerts=false, browserVersion=101.0.4951.54, browserName=chrome, javascriptEnabled=true, platformName=windows, setWindowRect=true, webauthn:extension:largeBlob=true, webauthn:virtualAuthenticators=true}]
Session ID: f09dd9ca9764fc5d6a542a0f0c46a465">
      <![CDATA[org.openqa.selenium.WebDriverException: element click intercepted: Element <a href="/identity/login/atlanta-market/SitecoreIdentityServer/IdS4-AzureB2C" class="imc-header-user-icon--loginlink" target="">...</a> is not clickable at point (1279, 15). Other element would receive the click: <label class="contact-cover" for="exitcontact"></label>
  (Session info: chrome=101.0.4951.54)
Build info: version: '3.4.0', revision: 'unknown', time: 'unknown'
System info: host: 'NILAMMA-W10', ip: '192.168.68.2', os.name: 'Windows 10', os.arch: 'amd64', os.version: '10.0', java.version: '1.8.0_161'
Driver info: org.openqa.selenium.chrome.ChromeDriver
Capabilities [{networkConnectionEnabled=false, chrome={chromedriverVersion=100.0.4896.60 (6a5d10861ce8de5fce22564658033b43cb7de047-refs/branch-heads/4896@{#875}), userDataDir=C:\Users\nilamma\AppData\Local\Temp\scoped_dir1784_382417683}, timeouts={implicit=0.0, pageLoad=300000.0, script=30000.0}, pageLoadStrategy=normal, unhandledPromptBehavior=dismiss and notify, strictFileInteractability=false, platform=ANY, proxy=Proxy(), goog:chromeOptions={debuggerAddress=localhost:51273}, webauthn:extension:credBlob=true, acceptInsecureCerts=false, browserVersion=101.0.4951.54, browserName=chrome, javascriptEnabled=true, platformName=windows, setWindowRect=true, webauthn:extension:largeBlob=true, webauthn:virtualAuthenticators=true}]
Session ID: f09dd9ca9764fc5d6a542a0f0c46a465
	at org.openqa.selenium.remote.http.W3CHttpResponseCodec.createException(W3CHttpResponseCodec.java:150)
	at org.openqa.selenium.remote.http.W3CHttpResponseCodec.decode(W3CHttpResponseCodec.java:115)
	at org.openqa.selenium.remote.http.W3CHttpResponseCodec.decode(W3CHttpResponseCodec.java:45)
	at org.openqa.selenium.remote.HttpCommandExecutor.execute(HttpCommandExecutor.java:164)
	at org.openqa.selenium.remote.service.DriverCommandExecutor.execute(DriverCommandExecutor.java:82)
	at org.openqa.selenium.remote.RemoteWebDriver.execute(RemoteWebDriver.java:637)
	at org.openqa.selenium.remote.RemoteWebElement.execute(RemoteWebElement.java:272)
	at org.openqa.selenium.remote.RemoteWebElement.click(RemoteWebElement.java:82)
	at resources.Utility.verifyMPLoginFunctionality(Utility.java:42)
	at atlantamarket.AtlantaMarketSmokeTest_PROD.TS001_VerifyMarketPlannerLoginTest(AtlantaMarketSmokeTest_PROD.java:86)
... Removed 28 stack frames]]>
    </failure>
  </testcase> <!-- TS001_VerifyMarketPlannerLoginTest -->
  <testcase name="TS002_VerifyMarketPlannerProfileAndSettingsOptionTest" time="30.306" classname="atlantamarket.AtlantaMarketSmokeTest_PROD">
    <failure type="org.openqa.selenium.TimeoutException" message="Expected condition failed: waiting for visibility of element located by By.xpath: //div[@id =&amp;apos;root&amp;apos;]/div[1]/div[1]/div[3]/button[1] (tried for 30 second(s) with 500 MILLISECONDS interval)">
      <![CDATA[org.openqa.selenium.TimeoutException: Expected condition failed: waiting for visibility of element located by By.xpath: //div[@id ='root']/div[1]/div[1]/div[3]/button[1] (tried for 30 second(s) with 500 MILLISECONDS interval)
	at org.openqa.selenium.support.ui.WebDriverWait.timeoutException(WebDriverWait.java:80)
	at org.openqa.selenium.support.ui.FluentWait.until(FluentWait.java:232)
	at pageObjects.AtlantaMarket.ATLProfileAndSettingsPage.getATLWelcomeText(ATLProfileAndSettingsPage.java:29)
	at atlantamarket.AtlantaMarketSmokeTest_PROD.TS002_VerifyMarketPlannerProfileAndSettingsOptionTest(AtlantaMarketSmokeTest_PROD.java:105)
Caused by: org.openqa.selenium.NoSuchElementException: Cannot locate an element using By.xpath: //div[@id ='root']/div[1]/div[1]/div[3]/button[1]
For documentation on this error, please visit: http://seleniumhq.org/exceptions/no_such_element.html
Build info: version: '3.4.0', revision: 'unknown', time: 'unknown'
System info: host: 'NILAMMA-W10', ip: '192.168.68.2', os.name: 'Windows 10', os.arch: 'amd64', os.version: '10.0', java.version: '1.8.0_161'
Driver info: driver.version: unknown
	at org.openqa.selenium.support.ui.ExpectedConditions.lambda$findElement$0(ExpectedConditions.java:883)
	at java.util.Optional.orElseThrow(Unknown Source)
	at org.openqa.selenium.support.ui.ExpectedConditions.findElement(ExpectedConditions.java:882)
	at org.openqa.selenium.support.ui.ExpectedConditions.access$000(ExpectedConditions.java:44)
	at org.openqa.selenium.support.ui.ExpectedConditions$7.apply(ExpectedConditions.java:206)
	at org.openqa.selenium.support.ui.ExpectedConditions$7.apply(ExpectedConditions.java:202)
	at org.openqa.selenium.support.ui.FluentWait.until(FluentWait.java:209)
	... 26 more
... Removed 24 stack frames]]>
    </failure>
  </testcase> <!-- TS002_VerifyMarketPlannerProfileAndSettingsOptionTest -->
  <testcase name="TS003_VerifyGlobalSearchFunctionalityTest" time="1.952" classname="atlantamarket.AtlantaMarketSmokeTest_PROD">
    <failure type="org.openqa.selenium.WebDriverException" message="element click intercepted: Element &amp;lt;button class=&amp;quot;imc-searchform--button--search&amp;quot; type=&amp;quot;submit&amp;quot; value=&amp;quot;Search&amp;quot; data-xpath=&amp;quot;typesearchahead.submitBtn&amp;quot;&amp;gt;...&amp;lt;/button&amp;gt; is not clickable at point (839, 85). Other element would receive the click: &amp;lt;label class=&amp;quot;contact-cover&amp;quot; for=&amp;quot;exitcontact&amp;quot;&amp;gt;&amp;lt;/label&amp;gt;
  (Session info: chrome=101.0.4951.54)
Build info: version: &amp;apos;3.4.0&amp;apos;, revision: &amp;apos;unknown&amp;apos;, time: &amp;apos;unknown&amp;apos;
System info: host: &amp;apos;NILAMMA-W10&amp;apos;, ip: &amp;apos;192.168.68.2&amp;apos;, os.name: &amp;apos;Windows 10&amp;apos;, os.arch: &amp;apos;amd64&amp;apos;, os.version: &amp;apos;10.0&amp;apos;, java.version: &amp;apos;1.8.0_161&amp;apos;
Driver info: org.openqa.selenium.chrome.ChromeDriver
Capabilities [{networkConnectionEnabled=false, chrome={chromedriverVersion=100.0.4896.60 (6a5d10861ce8de5fce22564658033b43cb7de047-refs/branch-heads/4896@{#875}), userDataDir=C:\Users\nilamma\AppData\Local\Temp\scoped_dir1784_382417683}, timeouts={implicit=0.0, pageLoad=300000.0, script=30000.0}, pageLoadStrategy=normal, unhandledPromptBehavior=dismiss and notify, strictFileInteractability=false, platform=ANY, proxy=Proxy(), goog:chromeOptions={debuggerAddress=localhost:51273}, webauthn:extension:credBlob=true, acceptInsecureCerts=false, browserVersion=101.0.4951.54, browserName=chrome, javascriptEnabled=true, platformName=windows, setWindowRect=true, webauthn:extension:largeBlob=true, webauthn:virtualAuthenticators=true}]
Session ID: f09dd9ca9764fc5d6a542a0f0c46a465">
      <![CDATA[org.openqa.selenium.WebDriverException: element click intercepted: Element <button class="imc-searchform--button--search" type="submit" value="Search" data-xpath="typesearchahead.submitBtn">...</button> is not clickable at point (839, 85). Other element would receive the click: <label class="contact-cover" for="exitcontact"></label>
  (Session info: chrome=101.0.4951.54)
Build info: version: '3.4.0', revision: 'unknown', time: 'unknown'
System info: host: 'NILAMMA-W10', ip: '192.168.68.2', os.name: 'Windows 10', os.arch: 'amd64', os.version: '10.0', java.version: '1.8.0_161'
Driver info: org.openqa.selenium.chrome.ChromeDriver
Capabilities [{networkConnectionEnabled=false, chrome={chromedriverVersion=100.0.4896.60 (6a5d10861ce8de5fce22564658033b43cb7de047-refs/branch-heads/4896@{#875}), userDataDir=C:\Users\nilamma\AppData\Local\Temp\scoped_dir1784_382417683}, timeouts={implicit=0.0, pageLoad=300000.0, script=30000.0}, pageLoadStrategy=normal, unhandledPromptBehavior=dismiss and notify, strictFileInteractability=false, platform=ANY, proxy=Proxy(), goog:chromeOptions={debuggerAddress=localhost:51273}, webauthn:extension:credBlob=true, acceptInsecureCerts=false, browserVersion=101.0.4951.54, browserName=chrome, javascriptEnabled=true, platformName=windows, setWindowRect=true, webauthn:extension:largeBlob=true, webauthn:virtualAuthenticators=true}]
Session ID: f09dd9ca9764fc5d6a542a0f0c46a465
	at org.openqa.selenium.remote.http.W3CHttpResponseCodec.createException(W3CHttpResponseCodec.java:150)
	at org.openqa.selenium.remote.http.W3CHttpResponseCodec.decode(W3CHttpResponseCodec.java:115)
	at org.openqa.selenium.remote.http.W3CHttpResponseCodec.decode(W3CHttpResponseCodec.java:45)
	at org.openqa.selenium.remote.HttpCommandExecutor.execute(HttpCommandExecutor.java:164)
	at org.openqa.selenium.remote.service.DriverCommandExecutor.execute(DriverCommandExecutor.java:82)
	at org.openqa.selenium.remote.RemoteWebDriver.execute(RemoteWebDriver.java:637)
	at org.openqa.selenium.remote.RemoteWebElement.execute(RemoteWebElement.java:272)
	at org.openqa.selenium.remote.RemoteWebElement.click(RemoteWebElement.java:82)
	at atlantamarket.AtlantaMarketSmokeTest_PROD.TS003_VerifyGlobalSearchFunctionalityTest(AtlantaMarketSmokeTest_PROD.java:122)
... Removed 28 stack frames]]>
    </failure>
  </testcase> <!-- TS003_VerifyGlobalSearchFunctionalityTest -->
  <testcase name="TS004_VerifyMarketPlannerRegistrationsOptionTest" time="30.176" classname="atlantamarket.AtlantaMarketSmokeTest_PROD">
    <failure type="org.openqa.selenium.TimeoutException" message="Expected condition failed: waiting for visibility of element located by By.xpath: //div[@id =&amp;apos;root&amp;apos;]/div[1]/div[1]/div[3]/button[1] (tried for 30 second(s) with 500 MILLISECONDS interval)">
      <![CDATA[org.openqa.selenium.TimeoutException: Expected condition failed: waiting for visibility of element located by By.xpath: //div[@id ='root']/div[1]/div[1]/div[3]/button[1] (tried for 30 second(s) with 500 MILLISECONDS interval)
	at org.openqa.selenium.support.ui.WebDriverWait.timeoutException(WebDriverWait.java:80)
	at org.openqa.selenium.support.ui.FluentWait.until(FluentWait.java:232)
	at pageObjects.AtlantaMarket.ATLProfileAndSettingsPage.getATLWelcomeText(ATLProfileAndSettingsPage.java:29)
	at atlantamarket.AtlantaMarketSmokeTest_PROD.TS004_VerifyMarketPlannerRegistrationsOptionTest(AtlantaMarketSmokeTest_PROD.java:142)
Caused by: org.openqa.selenium.NoSuchElementException: Cannot locate an element using By.xpath: //div[@id ='root']/div[1]/div[1]/div[3]/button[1]
For documentation on this error, please visit: http://seleniumhq.org/exceptions/no_such_element.html
Build info: version: '3.4.0', revision: 'unknown', time: 'unknown'
System info: host: 'NILAMMA-W10', ip: '192.168.68.2', os.name: 'Windows 10', os.arch: 'amd64', os.version: '10.0', java.version: '1.8.0_161'
Driver info: driver.version: unknown
	at org.openqa.selenium.support.ui.ExpectedConditions.lambda$findElement$0(ExpectedConditions.java:883)
	at java.util.Optional.orElseThrow(Unknown Source)
	at org.openqa.selenium.support.ui.ExpectedConditions.findElement(ExpectedConditions.java:882)
	at org.openqa.selenium.support.ui.ExpectedConditions.access$000(ExpectedConditions.java:44)
	at org.openqa.selenium.support.ui.ExpectedConditions$7.apply(ExpectedConditions.java:206)
	at org.openqa.selenium.support.ui.ExpectedConditions$7.apply(ExpectedConditions.java:202)
	at org.openqa.selenium.support.ui.FluentWait.until(FluentWait.java:209)
	... 26 more
... Removed 24 stack frames]]>
    </failure>
  </testcase> <!-- TS004_VerifyMarketPlannerRegistrationsOptionTest -->
  <testcase name="TS005_VerifyExhibitorDirectoryTest" time="34.765" classname="atlantamarket.AtlantaMarketSmokeTest_PROD"/>
</testsuite> <!-- Test -->
