<?xml version="1.0" encoding="UTF-8"?>
<!-- Generated by org.testng.reporters.JUnitXMLReporter -->
<testsuite hostname="shradhama-win10" name="Test" tests="13" failures="1" timestamp="16 Mar 2022 11:29:48 GMT" time="1130.618" errors="0">
  <testcase name="TS001_VerifyMarketPlannerLoginTest" time="25.721" classname="atlantaapparel.AtalntaAppSmokeTest_UAT"/>
  <testcase name="TS002_VerifyMarketPlannerProfileOptionTest" time="24.577" classname="atlantaapparel.AtalntaAppSmokeTest_UAT"/>
  <testcase name="TS003_VerifyMarketPlannerExhibitorPortalOptionTest" time="17.411" classname="atlantaapparel.AtalntaAppSmokeTest_UAT"/>
  <testcase name="TS004_VerifyGlobalSearchFunctionalityTest" time="50.987" classname="atlantaapparel.AtalntaAppSmokeTest_UAT">
    <failure type="org.openqa.selenium.NoSuchElementException" message="no such element: Unable to locate element: {&amp;quot;method&amp;quot;:&amp;quot;xpath&amp;quot;,&amp;quot;selector&amp;quot;:&amp;quot;//section[@class = &amp;apos;imc-searchform--section &amp;apos;]/span[1]/div[1]&amp;quot;}
  (Session info: chrome=99.0.4844.51)
For documentation on this error, please visit: http://seleniumhq.org/exceptions/no_such_element.html
Build info: version: &amp;apos;3.4.0&amp;apos;, revision: &amp;apos;unknown&amp;apos;, time: &amp;apos;unknown&amp;apos;
System info: host: &amp;apos;SHRADHAMA-WIN10&amp;apos;, ip: &amp;apos;172.27.182.74&amp;apos;, os.name: &amp;apos;Windows 10&amp;apos;, os.arch: &amp;apos;amd64&amp;apos;, os.version: &amp;apos;10.0&amp;apos;, java.version: &amp;apos;1.8.0_161&amp;apos;
Driver info: org.openqa.selenium.chrome.ChromeDriver
Capabilities [{networkConnectionEnabled=false, chrome={chromedriverVersion=98.0.4758.102 (273bf7ac8c909cde36982d27f66f3c70846a3718-refs/branch-heads/4758@{#1151}), userDataDir=C:\Users\SHRADH~1\AppData\Local\Temp\scoped_dir21440_2008819960}, timeouts={implicit=0.0, pageLoad=300000.0, script=30000.0}, pageLoadStrategy=normal, unhandledPromptBehavior=dismiss and notify, strictFileInteractability=false, platform=ANY, proxy=Proxy(), goog:chromeOptions={debuggerAddress=localhost:63735}, webauthn:extension:credBlob=true, acceptInsecureCerts=false, browserVersion=99.0.4844.51, browserName=chrome, javascriptEnabled=true, platformName=windows, setWindowRect=true, webauthn:extension:largeBlob=true, webauthn:virtualAuthenticators=true}]
Session ID: eb7a281b525cd4158c373433fa9bce8d
*** Element info: {Using=xpath, value=//section[@class = &amp;apos;imc-searchform--section &amp;apos;]/span[1]/div[1]}">
      <![CDATA[org.openqa.selenium.NoSuchElementException: no such element: Unable to locate element: {"method":"xpath","selector":"//section[@class = 'imc-searchform--section ']/span[1]/div[1]"}
  (Session info: chrome=99.0.4844.51)
For documentation on this error, please visit: http://seleniumhq.org/exceptions/no_such_element.html
Build info: version: '3.4.0', revision: 'unknown', time: 'unknown'
System info: host: 'SHRADHAMA-WIN10', ip: '172.27.182.74', os.name: 'Windows 10', os.arch: 'amd64', os.version: '10.0', java.version: '1.8.0_161'
Driver info: org.openqa.selenium.chrome.ChromeDriver
Capabilities [{networkConnectionEnabled=false, chrome={chromedriverVersion=98.0.4758.102 (273bf7ac8c909cde36982d27f66f3c70846a3718-refs/branch-heads/4758@{#1151}), userDataDir=C:\Users\SHRADH~1\AppData\Local\Temp\scoped_dir21440_2008819960}, timeouts={implicit=0.0, pageLoad=300000.0, script=30000.0}, pageLoadStrategy=normal, unhandledPromptBehavior=dismiss and notify, strictFileInteractability=false, platform=ANY, proxy=Proxy(), goog:chromeOptions={debuggerAddress=localhost:63735}, webauthn:extension:credBlob=true, acceptInsecureCerts=false, browserVersion=99.0.4844.51, browserName=chrome, javascriptEnabled=true, platformName=windows, setWindowRect=true, webauthn:extension:largeBlob=true, webauthn:virtualAuthenticators=true}]
Session ID: eb7a281b525cd4158c373433fa9bce8d
*** Element info: {Using=xpath, value=//section[@class = 'imc-searchform--section ']/span[1]/div[1]}
	at org.openqa.selenium.remote.http.W3CHttpResponseCodec.createException(W3CHttpResponseCodec.java:150)
	at org.openqa.selenium.remote.http.W3CHttpResponseCodec.decode(W3CHttpResponseCodec.java:115)
	at org.openqa.selenium.remote.http.W3CHttpResponseCodec.decode(W3CHttpResponseCodec.java:45)
	at org.openqa.selenium.remote.HttpCommandExecutor.execute(HttpCommandExecutor.java:164)
	at org.openqa.selenium.remote.service.DriverCommandExecutor.execute(DriverCommandExecutor.java:82)
	at org.openqa.selenium.remote.RemoteWebDriver.execute(RemoteWebDriver.java:637)
	at org.openqa.selenium.remote.RemoteWebDriver.findElement(RemoteWebDriver.java:410)
	at org.openqa.selenium.remote.RemoteWebDriver.findElementByXPath(RemoteWebDriver.java:509)
	at org.openqa.selenium.By$ByXPath.findElement(By.java:361)
	at org.openqa.selenium.remote.RemoteWebDriver.findElement(RemoteWebDriver.java:402)
	at pageObjects.LasVegasMarket.UXPGlobalSearchPage.getVerifyGlobalSeacrh(UXPGlobalSearchPage.java:42)
	at atlantaapparel.AtalntaAppSmokeTest_UAT.TS004_VerifyGlobalSearchFunctionalityTest(AtalntaAppSmokeTest_UAT.java:196)
... Removed 28 stack frames]]>
    </failure>
  </testcase> <!-- TS004_VerifyGlobalSearchFunctionalityTest -->
  <testcase name="TS005_VerifyExhibitorDirectoryTest" time="68.653" classname="atlantaapparel.AtalntaAppSmokeTest_UAT"/>
  <testcase name="TS006_VerifyAllLinksUnderMarketsTabTest" time="142.329" classname="atlantaapparel.AtalntaAppSmokeTest_UAT"/>
  <testcase name="TS007_VerifyAllLinksUnderExhibitorsAndBrandsTabTest" time="22.078" classname="atlantaapparel.AtalntaAppSmokeTest_UAT"/>
  <testcase name="TS008_VerifyAllLinksUnderAttendTabTest" time="224.952" classname="atlantaapparel.AtalntaAppSmokeTest_UAT"/>
  <testcase name="TS009_VerifyAllLinksUnderFashionGalleryTabTest" time="59.44" classname="atlantaapparel.AtalntaAppSmokeTest_UAT"/>
  <testcase name="TS010_VerifyAllLinksUnderExhibitTabTest" time="142.257" classname="atlantaapparel.AtalntaAppSmokeTest_UAT"/>
  <testcase name="TS011_VerifyAllLinksUnderYearRoundTabTest" time="49.816" classname="atlantaapparel.AtalntaAppSmokeTest_UAT"/>
  <testcase name="TS012_VerifyFooterLinksTest" time="161.525" classname="atlantaapparel.AtalntaAppSmokeTest_UAT"/>
  <testcase name="TS013_VerifySocialMediaLinksTest" time="87.629" classname="atlantaapparel.AtalntaAppSmokeTest_UAT"/>
</testsuite> <!-- Test -->
