<?xml version="1.0" encoding="UTF-8"?>
<!-- Generated by org.testng.reporters.JUnitXMLReporter -->
<testsuite hostname="Anuppa-VD3" name="Parallel" tests="19" failures="0" timestamp="20 Jul 2023 05:52:00 GMT" time="39.031" errors="0">
  <testcase name="@BeforeClass initialize" time="0.0" classname="PROD.AmericasMartSmokeTest_PROD">
    <failure type="org.openqa.selenium.NoSuchWindowException" message="no such window: target window already closed
from unknown error: web view not found
  (Session info: chrome=114.0.5735.201)
Build info: version: &amp;apos;3.4.0&amp;apos;, revision: &amp;apos;unknown&amp;apos;, time: &amp;apos;unknown&amp;apos;
System info: host: &amp;apos;ANUPPA-VD3&amp;apos;, ip: &amp;apos;172.27.182.66&amp;apos;, os.name: &amp;apos;Windows 10&amp;apos;, os.arch: &amp;apos;amd64&amp;apos;, os.version: &amp;apos;10.0&amp;apos;, java.version: &amp;apos;1.8.0_361&amp;apos;
Driver info: org.openqa.selenium.chrome.ChromeDriver
Capabilities [{networkConnectionEnabled=false, chrome={chromedriverVersion=114.0.5735.90 (386bc09e8f4f2e025eddae123f36f6263096ae49-refs/branch-heads/5735@{#1052}), userDataDir=C:\Users\anuppa\AppData\Local\Temp\scoped_dir4572_1209594152}, timeouts={implicit=0.0, pageLoad=300000.0, script=30000.0}, pageLoadStrategy=normal, unhandledPromptBehavior=dismiss and notify, strictFileInteractability=false, platform=ANY, proxy=Proxy(), webauthn:extension:minPinLength=true, goog:chromeOptions={debuggerAddress=localhost:63137}, webauthn:extension:credBlob=true, webauthn:extension:prf=true, acceptInsecureCerts=false, browserVersion=114.0.5735.201, browserName=chrome, javascriptEnabled=true, platformName=windows, setWindowRect=true, webauthn:extension:largeBlob=true, webauthn:virtualAuthenticators=true}]
Session ID: 190c2098ed33a3c655e02c7e12d7098b">
      <![CDATA[org.openqa.selenium.NoSuchWindowException: no such window: target window already closed
from unknown error: web view not found
  (Session info: chrome=114.0.5735.201)
Build info: version: '3.4.0', revision: 'unknown', time: 'unknown'
System info: host: 'ANUPPA-VD3', ip: '172.27.182.66', os.name: 'Windows 10', os.arch: 'amd64', os.version: '10.0', java.version: '1.8.0_361'
Driver info: org.openqa.selenium.chrome.ChromeDriver
Capabilities [{networkConnectionEnabled=false, chrome={chromedriverVersion=114.0.5735.90 (386bc09e8f4f2e025eddae123f36f6263096ae49-refs/branch-heads/5735@{#1052}), userDataDir=C:\Users\anuppa\AppData\Local\Temp\scoped_dir4572_1209594152}, timeouts={implicit=0.0, pageLoad=300000.0, script=30000.0}, pageLoadStrategy=normal, unhandledPromptBehavior=dismiss and notify, strictFileInteractability=false, platform=ANY, proxy=Proxy(), webauthn:extension:minPinLength=true, goog:chromeOptions={debuggerAddress=localhost:63137}, webauthn:extension:credBlob=true, webauthn:extension:prf=true, acceptInsecureCerts=false, browserVersion=114.0.5735.201, browserName=chrome, javascriptEnabled=true, platformName=windows, setWindowRect=true, webauthn:extension:largeBlob=true, webauthn:virtualAuthenticators=true}]
Session ID: 190c2098ed33a3c655e02c7e12d7098b
	at org.openqa.selenium.remote.http.W3CHttpResponseCodec.createException(W3CHttpResponseCodec.java:150)
	at org.openqa.selenium.remote.http.W3CHttpResponseCodec.decode(W3CHttpResponseCodec.java:115)
	at org.openqa.selenium.remote.http.W3CHttpResponseCodec.decode(W3CHttpResponseCodec.java:45)
	at org.openqa.selenium.remote.HttpCommandExecutor.execute(HttpCommandExecutor.java:164)
	at org.openqa.selenium.remote.service.DriverCommandExecutor.execute(DriverCommandExecutor.java:82)
	at org.openqa.selenium.remote.RemoteWebDriver.execute(RemoteWebDriver.java:637)
	at org.openqa.selenium.remote.RemoteWebDriver.get(RemoteWebDriver.java:364)
	at PROD.AmericasMartSmokeTest_PROD.initialize(AmericasMartSmokeTest_PROD.java:92)
	at java.util.concurrent.ThreadPoolExecutor.runWorker(Unknown Source)
	at java.util.concurrent.ThreadPoolExecutor$Worker.run(Unknown Source)
	at java.lang.Thread.run(Unknown Source)
... Removed 14 stack frames]]>
    </failure>
  </testcase> <!-- @BeforeClass initialize -->
  <testcase name="@AfterClass tearDown" time="0.0" classname="PROD.AmericasMartSmokeTest_PROD">
    <skipped/>
  </testcase> <!-- @AfterClass tearDown -->
  <testcase name="@BeforeClass initialize" time="0.0" classname="PROD.AtlantaAppSmokeTest_PROD">
    <failure type="org.openqa.selenium.TimeoutException" message="Expected condition failed: waiting for visibility of element located by By.xpath: //button[@id=&amp;apos;gdpr-btn&amp;apos;] (tried for 20 second(s) with 500 MILLISECONDS interval)">
      <![CDATA[org.openqa.selenium.TimeoutException: Expected condition failed: waiting for visibility of element located by By.xpath: //button[@id='gdpr-btn'] (tried for 20 second(s) with 500 MILLISECONDS interval)
	at org.openqa.selenium.support.ui.WebDriverWait.timeoutException(WebDriverWait.java:80)
	at org.openqa.selenium.support.ui.FluentWait.until(FluentWait.java:232)
	at pageObjects.LasVegasMarket.UXPLandingPage.getIUnderstandBtn(UXPLandingPage.java:38)
	at PROD.AtlantaAppSmokeTest_PROD.initialize(AtlantaAppSmokeTest_PROD.java:120)
	at java.util.concurrent.ThreadPoolExecutor.runWorker(Unknown Source)
	at java.util.concurrent.ThreadPoolExecutor$Worker.run(Unknown Source)
	at java.lang.Thread.run(Unknown Source)
Caused by: org.openqa.selenium.NoSuchWindowException: no such window: target window already closed
from unknown error: web view not found
  (Session info: chrome=114.0.5735.201)
Build info: version: '3.4.0', revision: 'unknown', time: 'unknown'
System info: host: 'ANUPPA-VD3', ip: '172.27.182.66', os.name: 'Windows 10', os.arch: 'amd64', os.version: '10.0', java.version: '1.8.0_361'
Driver info: org.openqa.selenium.chrome.ChromeDriver
Capabilities [{networkConnectionEnabled=false, chrome={chromedriverVersion=114.0.5735.90 (386bc09e8f4f2e025eddae123f36f6263096ae49-refs/branch-heads/5735@{#1052}), userDataDir=C:\Users\anuppa\AppData\Local\Temp\scoped_dir4572_1209594152}, timeouts={implicit=0.0, pageLoad=300000.0, script=30000.0}, pageLoadStrategy=normal, unhandledPromptBehavior=dismiss and notify, strictFileInteractability=false, platform=ANY, proxy=Proxy(), webauthn:extension:minPinLength=true, goog:chromeOptions={debuggerAddress=localhost:63137}, webauthn:extension:credBlob=true, webauthn:extension:prf=true, acceptInsecureCerts=false, browserVersion=114.0.5735.201, browserName=chrome, javascriptEnabled=true, platformName=windows, setWindowRect=true, webauthn:extension:largeBlob=true, webauthn:virtualAuthenticators=true}]
Session ID: 190c2098ed33a3c655e02c7e12d7098b
*** Element info: {Using=xpath, value=//button[@id='gdpr-btn']}
	at org.openqa.selenium.remote.http.W3CHttpResponseCodec.createException(W3CHttpResponseCodec.java:150)
	at org.openqa.selenium.remote.http.W3CHttpResponseCodec.decode(W3CHttpResponseCodec.java:115)
	at org.openqa.selenium.remote.http.W3CHttpResponseCodec.decode(W3CHttpResponseCodec.java:45)
	at org.openqa.selenium.remote.HttpCommandExecutor.execute(HttpCommandExecutor.java:164)
	at org.openqa.selenium.remote.service.DriverCommandExecutor.execute(DriverCommandExecutor.java:82)
	at org.openqa.selenium.remote.RemoteWebDriver.execute(RemoteWebDriver.java:637)
	at org.openqa.selenium.remote.RemoteWebDriver.findElements(RemoteWebDriver.java:437)
	at org.openqa.selenium.remote.RemoteWebDriver.findElementsByXPath(RemoteWebDriver.java:513)
	at org.openqa.selenium.By$ByXPath.findElements(By.java:356)
	at org.openqa.selenium.remote.RemoteWebDriver.findElements(RemoteWebDriver.java:398)
	at org.openqa.selenium.support.ui.ExpectedConditions.findElement(ExpectedConditions.java:882)
	at org.openqa.selenium.support.ui.ExpectedConditions.access$000(ExpectedConditions.java:44)
	at org.openqa.selenium.support.ui.ExpectedConditions$7.apply(ExpectedConditions.java:206)
	at org.openqa.selenium.support.ui.ExpectedConditions$7.apply(ExpectedConditions.java:202)
	at org.openqa.selenium.support.ui.FluentWait.until(FluentWait.java:209)
	... 15 more
... Removed 13 stack frames]]>
    </failure>
  </testcase> <!-- @BeforeClass initialize -->
  <testcase name="@AfterClass tearDown" time="0.0" classname="PROD.AtlantaAppSmokeTest_PROD">
    <skipped/>
  </testcase> <!-- @AfterClass tearDown -->
  <testcase name="TS006_AMC_VerifyAllHeaderChanelLinksTest" time="0.023" classname="PROD.AmericasMartSmokeTest_PROD">
    <skipped/>
  </testcase> <!-- TS006_AMC_VerifyAllHeaderChanelLinksTest -->
  <testcase name="TS007_AMC_VerifyAllSocialMediaLinksOnFooterTest" time="0.003" classname="PROD.AmericasMartSmokeTest_PROD">
    <skipped/>
  </testcase> <!-- TS007_AMC_VerifyAllSocialMediaLinksOnFooterTest -->
  <testcase name="TS008_AMC_VerifyAllLinksUnderMarketsAndEventsTabTest" time="0.002" classname="PROD.AmericasMartSmokeTest_PROD">
    <skipped/>
  </testcase> <!-- TS008_AMC_VerifyAllLinksUnderMarketsAndEventsTabTest -->
  <testcase name="TS009_AMC_VerifyGlobalSearchFunctionalityTest" time="0.002" classname="PROD.AmericasMartSmokeTest_PROD">
    <skipped/>
  </testcase> <!-- TS009_AMC_VerifyGlobalSearchFunctionalityTest -->
  <testcase name="TS005_AMC_VerifyAllLinksUnderAboutTabTest" time="0.001" classname="PROD.AmericasMartSmokeTest_PROD">
    <skipped/>
  </testcase> <!-- TS005_AMC_VerifyAllLinksUnderAboutTabTest -->
  <testcase name="TS004_AMC_VerifyAllLinksUnderExhibitTest" time="0.002" classname="PROD.AmericasMartSmokeTest_PROD">
    <skipped/>
  </testcase> <!-- TS004_AMC_VerifyAllLinksUnderExhibitTest -->
  <testcase name="TS010_AMC_VerifyAllLinksUnderOpenYearRoundTest" time="0.001" classname="PROD.AmericasMartSmokeTest_PROD">
    <skipped/>
  </testcase> <!-- TS010_AMC_VerifyAllLinksUnderOpenYearRoundTest -->
  <testcase name="TS011_AMC_VerifyExhibitorDirectoryTest" time="0.005" classname="PROD.AmericasMartSmokeTest_PROD">
    <skipped/>
  </testcase> <!-- TS011_AMC_VerifyExhibitorDirectoryTest -->
  <testcase name="TS012_AMC_VerifyFooterLinksTest" time="0.002" classname="PROD.AmericasMartSmokeTest_PROD">
    <skipped/>
  </testcase> <!-- TS012_AMC_VerifyFooterLinksTest -->
  <testcase name="TS004_ATLApp_VerifyGlobalSearchFunctionalityTest" time="0.002" classname="PROD.AtlantaAppSmokeTest_PROD">
    <skipped/>
  </testcase> <!-- TS004_ATLApp_VerifyGlobalSearchFunctionalityTest -->
  <testcase name="TS005_ATLApp_VerifyExhibitorDirectoryTest" time="0.0" classname="PROD.AtlantaAppSmokeTest_PROD">
    <skipped/>
  </testcase> <!-- TS005_ATLApp_VerifyExhibitorDirectoryTest -->
  <testcase name="TS006_ATLApp_VerifyAllLinksUnderMarketsTabTest" time="0.001" classname="PROD.AtlantaAppSmokeTest_PROD">
    <skipped/>
  </testcase> <!-- TS006_ATLApp_VerifyAllLinksUnderMarketsTabTest -->
  <testcase name="TS007_ATLApp_VerifyAllLinksUnderExhibitorsAndBrandsTabTest" time="0.001" classname="PROD.AtlantaAppSmokeTest_PROD">
    <skipped/>
  </testcase> <!-- TS007_ATLApp_VerifyAllLinksUnderExhibitorsAndBrandsTabTest -->
  <testcase name="TS008_ATLApp_VerifySocialMediaLinksTest" time="0.0" classname="PROD.AtlantaAppSmokeTest_PROD">
    <skipped/>
  </testcase> <!-- TS008_ATLApp_VerifySocialMediaLinksTest -->
  <testcase name="TS013_ATLApp_VerifyAllLinksUnderAttendTabTest" time="0.0" classname="PROD.AtlantaAppSmokeTest_PROD">
    <skipped/>
  </testcase> <!-- TS013_ATLApp_VerifyAllLinksUnderAttendTabTest -->
  <testcase name="TS010_ATLApp_VerifyAllLinksUnderExhibitTabTest" time="0.001" classname="PROD.AtlantaAppSmokeTest_PROD">
    <skipped/>
  </testcase> <!-- TS010_ATLApp_VerifyAllLinksUnderExhibitTabTest -->
  <testcase name="TS011_ATLApp_VerifyAllLinksUnderYearRoundTabTest" time="0.001" classname="PROD.AtlantaAppSmokeTest_PROD">
    <skipped/>
  </testcase> <!-- TS011_ATLApp_VerifyAllLinksUnderYearRoundTabTest -->
  <testcase name="TS012_ATLApp_VerifyFooterLinksTest" time="0.001" classname="PROD.AtlantaAppSmokeTest_PROD">
    <skipped/>
  </testcase> <!-- TS012_ATLApp_VerifyFooterLinksTest -->
  <testcase name="TS009_ATLApp_VerifyAllLinksUnderTheBestOfFashionTabTest" time="0.0" classname="PROD.AtlantaAppSmokeTest_PROD">
    <skipped/>
  </testcase> <!-- TS009_ATLApp_VerifyAllLinksUnderTheBestOfFashionTabTest -->
</testsuite> <!-- Parallel -->
