<html>
<head>
<title>TestNG:  Parallel</title>
<link href="../testng.css" rel="stylesheet" type="text/css" />
<link href="../my-testng.css" rel="stylesheet" type="text/css" />

<style type="text/css">
.log { display: none;} 
.stack-trace { display: none;} 
</style>
<script type="text/javascript">
<!--
function flip(e) {
  current = e.style.display;
  if (current == 'block') {
    e.style.display = 'none';
    return 0;
  }
  else {
    e.style.display = 'block';
    return 1;
  }
}

function toggleBox(szDivId, elem, msg1, msg2)
{
  var res = -1;  if (document.getElementById) {
    res = flip(document.getElementById(szDivId));
  }
  else if (document.all) {
    // this is the way old msie versions work
    res = flip(document.all[szDivId]);
  }
  if(elem) {
    if(res == 0) elem.innerHTML = msg1; else elem.innerHTML = msg2;
  }

}

function toggleAllBoxes() {
  if (document.getElementsByTagName) {
    d = document.getElementsByTagName('div');
    for (i = 0; i < d.length; i++) {
      if (d[i].className == 'log') {
        flip(d[i]);
      }
    }
  }
}

// -->
</script>

</head>
<body>
<h2 align='center'>Parallel</h2><table border='1' align="center">
<tr>
<td>Tests passed/Failed/Skipped:</td><td>0/0/19</td>
</tr><tr>
<td>Started on:</td><td>Thu Jul 20 11:21:20 IST 2023</td>
</tr>
<tr><td>Total time:</td><td>39 seconds (39031 ms)</td>
</tr><tr>
<td>Included groups:</td><td></td>
</tr><tr>
<td>Excluded groups:</td><td></td>
</tr>
</table><p/>
<small><i>(Hover the method name to see the test class name)</i></small><p/>
<table width='100%' border='1' class='invocation-failed'>
<tr><td colspan='4' align='center'><b>FAILED CONFIGURATIONS</b></td></tr>
<tr><td><b>Test method</b></td>
<td width="30%"><b>Exception</b></td>
<td width="10%"><b>Time (seconds)</b></td>
<td><b>Instance</b></td>
</tr>
<tr>
<td title='PROD.AmericasMartSmokeTest_PROD.initialize()'><b>initialize</b><br>Test class: PROD.AmericasMartSmokeTest_PROD</td>
<td><div><pre>org.openqa.selenium.NoSuchWindowException: no such window: target window already closed
from unknown error: web view not found
  (Session info: chrome=114.0.5735.201)
Build info: version: &apos;3.4.0&apos;, revision: &apos;unknown&apos;, time: &apos;unknown&apos;
System info: host: &apos;ANUPPA-VD3&apos;, ip: &apos;172.27.182.66&apos;, os.name: &apos;Windows 10&apos;, os.arch: &apos;amd64&apos;, os.version: &apos;10.0&apos;, java.version: &apos;1.8.0_361&apos;
Driver info: org.openqa.selenium.chrome.ChromeDriver
Capabilities [{networkConnectionEnabled=false, chrome={chromedriverVersion=114.0.5735.90 (386bc09e8f4f2e025eddae123f36f6263096ae49-refs/branch-heads/5735@{#1052}), userDataDir=C:\Users\anuppa\AppData\Local\Temp\scoped_dir4572_1209594152}, timeouts={implicit=0.0, pageLoad=300000.0, script=30000.0}, pageLoadStrategy=normal, unhandledPromptBehavior=dismiss and notify, strictFileInteractability=false, platform=ANY, proxy=Proxy(), webauthn:extension:minPinLength=true, goog:chromeOptions={debuggerAddress=localhost:63137}, webauthn:extension:credBlob=true, webauthn:extension:prf=true, acceptInsecureCerts=false, browserVersion=114.0.5735.201, browserName=chrome, javascriptEnabled=true, platformName=windows, setWindowRect=true, webauthn:extension:largeBlob=true, webauthn:virtualAuthenticators=true}]
Session ID: 190c2098ed33a3c655e02c7e12d7098b
	at org.openqa.selenium.remote.http.W3CHttpResponseCodec.createException(W3CHttpResponseCodec.java:150)
	at org.openqa.selenium.remote.http.W3CHttpResponseCodec.decode(W3CHttpResponseCodec.java:115)
	at org.openqa.selenium.remote.http.W3CHttpResponseCodec.decode(W3CHttpResponseCodec.java:45)
	at org.openqa.selenium.remote.HttpCommandExecutor.execute(HttpCommandExecutor.java:164)
	at org.openqa.selenium.remote.service.DriverCommandExecutor.execute(DriverCommandExecutor.java:82)
	at org.openqa.selenium.remote.RemoteWebDriver.execute(RemoteWebDriver.java:637)
	at org.openqa.selenium.remote.RemoteWebDriver.get(RemoteWebDriver.java:364)
	at PROD.AmericasMartSmokeTest_PROD.initialize(AmericasMartSmokeTest_PROD.java:92)
	at java.util.concurrent.ThreadPoolExecutor.runWorker(Unknown Source)
	at java.util.concurrent.ThreadPoolExecutor$Worker.run(Unknown Source)
	at java.lang.Thread.run(Unknown Source)
... Removed 14 stack frames</pre></div><a href='#' onClick='toggleBox("stack-trace509592779", this, "Click to show all stack frames", "Click to hide stack frames")'>Click to show all stack frames</a>
<div class='stack-trace' id='stack-trace509592779'><pre>org.openqa.selenium.NoSuchWindowException: no such window: target window already closed
from unknown error: web view not found
  (Session info: chrome=114.0.5735.201)
Build info: version: &apos;3.4.0&apos;, revision: &apos;unknown&apos;, time: &apos;unknown&apos;
System info: host: &apos;ANUPPA-VD3&apos;, ip: &apos;172.27.182.66&apos;, os.name: &apos;Windows 10&apos;, os.arch: &apos;amd64&apos;, os.version: &apos;10.0&apos;, java.version: &apos;1.8.0_361&apos;
Driver info: org.openqa.selenium.chrome.ChromeDriver
Capabilities [{networkConnectionEnabled=false, chrome={chromedriverVersion=114.0.5735.90 (386bc09e8f4f2e025eddae123f36f6263096ae49-refs/branch-heads/5735@{#1052}), userDataDir=C:\Users\anuppa\AppData\Local\Temp\scoped_dir4572_1209594152}, timeouts={implicit=0.0, pageLoad=300000.0, script=30000.0}, pageLoadStrategy=normal, unhandledPromptBehavior=dismiss and notify, strictFileInteractability=false, platform=ANY, proxy=Proxy(), webauthn:extension:minPinLength=true, goog:chromeOptions={debuggerAddress=localhost:63137}, webauthn:extension:credBlob=true, webauthn:extension:prf=true, acceptInsecureCerts=false, browserVersion=114.0.5735.201, browserName=chrome, javascriptEnabled=true, platformName=windows, setWindowRect=true, webauthn:extension:largeBlob=true, webauthn:virtualAuthenticators=true}]
Session ID: 190c2098ed33a3c655e02c7e12d7098b
	at sun.reflect.NativeConstructorAccessorImpl.newInstance0(Native Method)
	at sun.reflect.NativeConstructorAccessorImpl.newInstance(Unknown Source)
	at sun.reflect.DelegatingConstructorAccessorImpl.newInstance(Unknown Source)
	at java.lang.reflect.Constructor.newInstance(Unknown Source)
	at org.openqa.selenium.remote.http.W3CHttpResponseCodec.createException(W3CHttpResponseCodec.java:150)
	at org.openqa.selenium.remote.http.W3CHttpResponseCodec.decode(W3CHttpResponseCodec.java:115)
	at org.openqa.selenium.remote.http.W3CHttpResponseCodec.decode(W3CHttpResponseCodec.java:45)
	at org.openqa.selenium.remote.HttpCommandExecutor.execute(HttpCommandExecutor.java:164)
	at org.openqa.selenium.remote.service.DriverCommandExecutor.execute(DriverCommandExecutor.java:82)
	at org.openqa.selenium.remote.RemoteWebDriver.execute(RemoteWebDriver.java:637)
	at org.openqa.selenium.remote.RemoteWebDriver.get(RemoteWebDriver.java:364)
	at PROD.AmericasMartSmokeTest_PROD.initialize(AmericasMartSmokeTest_PROD.java:92)
	at sun.reflect.NativeMethodAccessorImpl.invoke0(Native Method)
	at sun.reflect.NativeMethodAccessorImpl.invoke(Unknown Source)
	at sun.reflect.DelegatingMethodAccessorImpl.invoke(Unknown Source)
	at java.lang.reflect.Method.invoke(Unknown Source)
	at org.testng.internal.MethodInvocationHelper.invokeMethod(MethodInvocationHelper.java:80)
	at org.testng.internal.Invoker.invokeConfigurationMethod(Invoker.java:564)
	at org.testng.internal.Invoker.invokeConfigurations(Invoker.java:213)
	at org.testng.internal.Invoker.invokeConfigurations(Invoker.java:138)
	at org.testng.internal.TestMethodWorker.invokeBeforeClassMethods(TestMethodWorker.java:175)
	at org.testng.internal.TestMethodWorker.run(TestMethodWorker.java:107)
	at java.util.concurrent.ThreadPoolExecutor.runWorker(Unknown Source)
	at java.util.concurrent.ThreadPoolExecutor$Worker.run(Unknown Source)
	at java.lang.Thread.run(Unknown Source)
</pre></div></td>
<td>0</td>
<td>PROD.AmericasMartSmokeTest_PROD@754ba872</td></tr>
<tr>
<td title='PROD.AtlantaAppSmokeTest_PROD.initialize()'><b>initialize</b><br>Test class: PROD.AtlantaAppSmokeTest_PROD</td>
<td><div><pre>org.openqa.selenium.TimeoutException: Expected condition failed: waiting for visibility of element located by By.xpath: //button[@id=&apos;gdpr-btn&apos;] (tried for 20 second(s) with 500 MILLISECONDS interval)
	at org.openqa.selenium.support.ui.WebDriverWait.timeoutException(WebDriverWait.java:80)
	at org.openqa.selenium.support.ui.FluentWait.until(FluentWait.java:232)
	at pageObjects.LasVegasMarket.UXPLandingPage.getIUnderstandBtn(UXPLandingPage.java:38)
	at PROD.AtlantaAppSmokeTest_PROD.initialize(AtlantaAppSmokeTest_PROD.java:120)
	at java.util.concurrent.ThreadPoolExecutor.runWorker(Unknown Source)
	at java.util.concurrent.ThreadPoolExecutor$Worker.run(Unknown Source)
	at java.lang.Thread.run(Unknown Source)
Caused by: org.openqa.selenium.NoSuchWindowException: no such window: target window already closed
from unknown error: web view not found
  (Session info: chrome=114.0.5735.201)
Build info: version: &apos;3.4.0&apos;, revision: &apos;unknown&apos;, time: &apos;unknown&apos;
System info: host: &apos;ANUPPA-VD3&apos;, ip: &apos;172.27.182.66&apos;, os.name: &apos;Windows 10&apos;, os.arch: &apos;amd64&apos;, os.version: &apos;10.0&apos;, java.version: &apos;1.8.0_361&apos;
Driver info: org.openqa.selenium.chrome.ChromeDriver
Capabilities [{networkConnectionEnabled=false, chrome={chromedriverVersion=114.0.5735.90 (386bc09e8f4f2e025eddae123f36f6263096ae49-refs/branch-heads/5735@{#1052}), userDataDir=C:\Users\anuppa\AppData\Local\Temp\scoped_dir4572_1209594152}, timeouts={implicit=0.0, pageLoad=300000.0, script=30000.0}, pageLoadStrategy=normal, unhandledPromptBehavior=dismiss and notify, strictFileInteractability=false, platform=ANY, proxy=Proxy(), webauthn:extension:minPinLength=true, goog:chromeOptions={debuggerAddress=localhost:63137}, webauthn:extension:credBlob=true, webauthn:extension:prf=true, acceptInsecureCerts=false, browserVersion=114.0.5735.201, browserName=chrome, javascriptEnabled=true, platformName=windows, setWindowRect=true, webauthn:extension:largeBlob=true, webauthn:virtualAuthenticators=true}]
Session ID: 190c2098ed33a3c655e02c7e12d7098b
*** Element info: {Using=xpath, value=//button[@id=&apos;gdpr-btn&apos;]}
	at org.openqa.selenium.remote.http.W3CHttpResponseCodec.createException(W3CHttpResponseCodec.java:150)
	at org.openqa.selenium.remote.http.W3CHttpResponseCodec.decode(W3CHttpResponseCodec.java:115)
	at org.openqa.selenium.remote.http.W3CHttpResponseCodec.decode(W3CHttpResponseCodec.java:45)
	at org.openqa.selenium.remote.HttpCommandExecutor.execute(HttpCommandExecutor.java:164)
	at org.openqa.selenium.remote.service.DriverCommandExecutor.execute(DriverCommandExecutor.java:82)
	at org.openqa.selenium.remote.RemoteWebDriver.execute(RemoteWebDriver.java:637)
	at org.openqa.selenium.remote.RemoteWebDriver.findElements(RemoteWebDriver.java:437)
	at org.openqa.selenium.remote.RemoteWebDriver.findElementsByXPath(RemoteWebDriver.java:513)
	at org.openqa.selenium.By$ByXPath.findElements(By.java:356)
	at org.openqa.selenium.remote.RemoteWebDriver.findElements(RemoteWebDriver.java:398)
	at org.openqa.selenium.support.ui.ExpectedConditions.findElement(ExpectedConditions.java:882)
	at org.openqa.selenium.support.ui.ExpectedConditions.access$000(ExpectedConditions.java:44)
	at org.openqa.selenium.support.ui.ExpectedConditions$7.apply(ExpectedConditions.java:206)
	at org.openqa.selenium.support.ui.ExpectedConditions$7.apply(ExpectedConditions.java:202)
	at org.openqa.selenium.support.ui.FluentWait.until(FluentWait.java:209)
	... 15 more
... Removed 13 stack frames</pre></div><a href='#' onClick='toggleBox("stack-trace75911982", this, "Click to show all stack frames", "Click to hide stack frames")'>Click to show all stack frames</a>
<div class='stack-trace' id='stack-trace75911982'><pre>org.openqa.selenium.TimeoutException: Expected condition failed: waiting for visibility of element located by By.xpath: //button[@id=&apos;gdpr-btn&apos;] (tried for 20 second(s) with 500 MILLISECONDS interval)
	at org.openqa.selenium.support.ui.WebDriverWait.timeoutException(WebDriverWait.java:80)
	at org.openqa.selenium.support.ui.FluentWait.until(FluentWait.java:232)
	at pageObjects.LasVegasMarket.UXPLandingPage.getIUnderstandBtn(UXPLandingPage.java:38)
	at PROD.AtlantaAppSmokeTest_PROD.initialize(AtlantaAppSmokeTest_PROD.java:120)
	at sun.reflect.NativeMethodAccessorImpl.invoke0(Native Method)
	at sun.reflect.NativeMethodAccessorImpl.invoke(Unknown Source)
	at sun.reflect.DelegatingMethodAccessorImpl.invoke(Unknown Source)
	at java.lang.reflect.Method.invoke(Unknown Source)
	at org.testng.internal.MethodInvocationHelper.invokeMethod(MethodInvocationHelper.java:80)
	at org.testng.internal.Invoker.invokeConfigurationMethod(Invoker.java:564)
	at org.testng.internal.Invoker.invokeConfigurations(Invoker.java:213)
	at org.testng.internal.Invoker.invokeConfigurations(Invoker.java:138)
	at org.testng.internal.TestMethodWorker.invokeBeforeClassMethods(TestMethodWorker.java:175)
	at org.testng.internal.TestMethodWorker.run(TestMethodWorker.java:107)
	at java.util.concurrent.ThreadPoolExecutor.runWorker(Unknown Source)
	at java.util.concurrent.ThreadPoolExecutor$Worker.run(Unknown Source)
	at java.lang.Thread.run(Unknown Source)
Caused by: org.openqa.selenium.NoSuchWindowException: no such window: target window already closed
from unknown error: web view not found
  (Session info: chrome=114.0.5735.201)
Build info: version: &apos;3.4.0&apos;, revision: &apos;unknown&apos;, time: &apos;unknown&apos;
System info: host: &apos;ANUPPA-VD3&apos;, ip: &apos;172.27.182.66&apos;, os.name: &apos;Windows 10&apos;, os.arch: &apos;amd64&apos;, os.version: &apos;10.0&apos;, java.version: &apos;1.8.0_361&apos;
Driver info: org.openqa.selenium.chrome.ChromeDriver
Capabilities [{networkConnectionEnabled=false, chrome={chromedriverVersion=114.0.5735.90 (386bc09e8f4f2e025eddae123f36f6263096ae49-refs/branch-heads/5735@{#1052}), userDataDir=C:\Users\anuppa\AppData\Local\Temp\scoped_dir4572_1209594152}, timeouts={implicit=0.0, pageLoad=300000.0, script=30000.0}, pageLoadStrategy=normal, unhandledPromptBehavior=dismiss and notify, strictFileInteractability=false, platform=ANY, proxy=Proxy(), webauthn:extension:minPinLength=true, goog:chromeOptions={debuggerAddress=localhost:63137}, webauthn:extension:credBlob=true, webauthn:extension:prf=true, acceptInsecureCerts=false, browserVersion=114.0.5735.201, browserName=chrome, javascriptEnabled=true, platformName=windows, setWindowRect=true, webauthn:extension:largeBlob=true, webauthn:virtualAuthenticators=true}]
Session ID: 190c2098ed33a3c655e02c7e12d7098b
*** Element info: {Using=xpath, value=//button[@id=&apos;gdpr-btn&apos;]}
	at sun.reflect.GeneratedConstructorAccessor14.newInstance(Unknown Source)
	at sun.reflect.DelegatingConstructorAccessorImpl.newInstance(Unknown Source)
	at java.lang.reflect.Constructor.newInstance(Unknown Source)
	at org.openqa.selenium.remote.http.W3CHttpResponseCodec.createException(W3CHttpResponseCodec.java:150)
	at org.openqa.selenium.remote.http.W3CHttpResponseCodec.decode(W3CHttpResponseCodec.java:115)
	at org.openqa.selenium.remote.http.W3CHttpResponseCodec.decode(W3CHttpResponseCodec.java:45)
	at org.openqa.selenium.remote.HttpCommandExecutor.execute(HttpCommandExecutor.java:164)
	at org.openqa.selenium.remote.service.DriverCommandExecutor.execute(DriverCommandExecutor.java:82)
	at org.openqa.selenium.remote.RemoteWebDriver.execute(RemoteWebDriver.java:637)
	at org.openqa.selenium.remote.RemoteWebDriver.findElements(RemoteWebDriver.java:437)
	at org.openqa.selenium.remote.RemoteWebDriver.findElementsByXPath(RemoteWebDriver.java:513)
	at org.openqa.selenium.By$ByXPath.findElements(By.java:356)
	at org.openqa.selenium.remote.RemoteWebDriver.findElements(RemoteWebDriver.java:398)
	at org.openqa.selenium.support.ui.ExpectedConditions.findElement(ExpectedConditions.java:882)
	at org.openqa.selenium.support.ui.ExpectedConditions.access$000(ExpectedConditions.java:44)
	at org.openqa.selenium.support.ui.ExpectedConditions$7.apply(ExpectedConditions.java:206)
	at org.openqa.selenium.support.ui.ExpectedConditions$7.apply(ExpectedConditions.java:202)
	at org.openqa.selenium.support.ui.FluentWait.until(FluentWait.java:209)
	... 15 more
</pre></div></td>
<td>0</td>
<td>PROD.AtlantaAppSmokeTest_PROD@271053e1</td></tr>
</table><p>
<table width='100%' border='1' class='invocation-skipped'>
<tr><td colspan='4' align='center'><b>SKIPPED CONFIGURATIONS</b></td></tr>
<tr><td><b>Test method</b></td>
<td width="30%"><b>Exception</b></td>
<td width="10%"><b>Time (seconds)</b></td>
<td><b>Instance</b></td>
</tr>
<tr>
<td title='PROD.AmericasMartSmokeTest_PROD.tearDown()'><b>tearDown</b><br>Test class: PROD.AmericasMartSmokeTest_PROD</td>
<td></td>
<td>0</td>
<td>PROD.AmericasMartSmokeTest_PROD@754ba872</td></tr>
<tr>
<td title='PROD.AtlantaAppSmokeTest_PROD.tearDown()'><b>tearDown</b><br>Test class: PROD.AtlantaAppSmokeTest_PROD</td>
<td></td>
<td>0</td>
<td>PROD.AtlantaAppSmokeTest_PROD@271053e1</td></tr>
</table><p>
<table width='100%' border='1' class='invocation-skipped'>
<tr><td colspan='4' align='center'><b>SKIPPED TESTS</b></td></tr>
<tr><td><b>Test method</b></td>
<td width="30%"><b>Exception</b></td>
<td width="10%"><b>Time (seconds)</b></td>
<td><b>Instance</b></td>
</tr>
<tr>
<td title='PROD.AmericasMartSmokeTest_PROD.TS004_AMC_VerifyAllLinksUnderExhibitTest()'><b>TS004_AMC_VerifyAllLinksUnderExhibitTest</b><br>Test class: PROD.AmericasMartSmokeTest_PROD</td>
<td></td>
<td>0</td>
<td>PROD.AmericasMartSmokeTest_PROD@754ba872</td></tr>
<tr>
<td title='PROD.AtlantaAppSmokeTest_PROD.TS004_ATLApp_VerifyGlobalSearchFunctionalityTest()'><b>TS004_ATLApp_VerifyGlobalSearchFunctionalityTest</b><br>Test class: PROD.AtlantaAppSmokeTest_PROD</td>
<td></td>
<td>0</td>
<td>PROD.AtlantaAppSmokeTest_PROD@271053e1</td></tr>
<tr>
<td title='PROD.AmericasMartSmokeTest_PROD.TS005_AMC_VerifyAllLinksUnderAboutTabTest()'><b>TS005_AMC_VerifyAllLinksUnderAboutTabTest</b><br>Test class: PROD.AmericasMartSmokeTest_PROD</td>
<td></td>
<td>0</td>
<td>PROD.AmericasMartSmokeTest_PROD@754ba872</td></tr>
<tr>
<td title='PROD.AtlantaAppSmokeTest_PROD.TS005_ATLApp_VerifyExhibitorDirectoryTest()'><b>TS005_ATLApp_VerifyExhibitorDirectoryTest</b><br>Test class: PROD.AtlantaAppSmokeTest_PROD</td>
<td></td>
<td>0</td>
<td>PROD.AtlantaAppSmokeTest_PROD@271053e1</td></tr>
<tr>
<td title='PROD.AmericasMartSmokeTest_PROD.TS006_AMC_VerifyAllHeaderChanelLinksTest()'><b>TS006_AMC_VerifyAllHeaderChanelLinksTest</b><br>Test class: PROD.AmericasMartSmokeTest_PROD</td>
<td></td>
<td>0</td>
<td>PROD.AmericasMartSmokeTest_PROD@754ba872</td></tr>
<tr>
<td title='PROD.AtlantaAppSmokeTest_PROD.TS006_ATLApp_VerifyAllLinksUnderMarketsTabTest()'><b>TS006_ATLApp_VerifyAllLinksUnderMarketsTabTest</b><br>Test class: PROD.AtlantaAppSmokeTest_PROD</td>
<td></td>
<td>0</td>
<td>PROD.AtlantaAppSmokeTest_PROD@271053e1</td></tr>
<tr>
<td title='PROD.AmericasMartSmokeTest_PROD.TS007_AMC_VerifyAllSocialMediaLinksOnFooterTest()'><b>TS007_AMC_VerifyAllSocialMediaLinksOnFooterTest</b><br>Test class: PROD.AmericasMartSmokeTest_PROD</td>
<td></td>
<td>0</td>
<td>PROD.AmericasMartSmokeTest_PROD@754ba872</td></tr>
<tr>
<td title='PROD.AtlantaAppSmokeTest_PROD.TS007_ATLApp_VerifyAllLinksUnderExhibitorsAndBrandsTabTest()'><b>TS007_ATLApp_VerifyAllLinksUnderExhibitorsAndBrandsTabTest</b><br>Test class: PROD.AtlantaAppSmokeTest_PROD</td>
<td></td>
<td>0</td>
<td>PROD.AtlantaAppSmokeTest_PROD@271053e1</td></tr>
<tr>
<td title='PROD.AmericasMartSmokeTest_PROD.TS008_AMC_VerifyAllLinksUnderMarketsAndEventsTabTest()'><b>TS008_AMC_VerifyAllLinksUnderMarketsAndEventsTabTest</b><br>Test class: PROD.AmericasMartSmokeTest_PROD</td>
<td></td>
<td>0</td>
<td>PROD.AmericasMartSmokeTest_PROD@754ba872</td></tr>
<tr>
<td title='PROD.AtlantaAppSmokeTest_PROD.TS008_ATLApp_VerifySocialMediaLinksTest()'><b>TS008_ATLApp_VerifySocialMediaLinksTest</b><br>Test class: PROD.AtlantaAppSmokeTest_PROD</td>
<td></td>
<td>0</td>
<td>PROD.AtlantaAppSmokeTest_PROD@271053e1</td></tr>
<tr>
<td title='PROD.AmericasMartSmokeTest_PROD.TS009_AMC_VerifyGlobalSearchFunctionalityTest()'><b>TS009_AMC_VerifyGlobalSearchFunctionalityTest</b><br>Test class: PROD.AmericasMartSmokeTest_PROD</td>
<td></td>
<td>0</td>
<td>PROD.AmericasMartSmokeTest_PROD@754ba872</td></tr>
<tr>
<td title='PROD.AtlantaAppSmokeTest_PROD.TS009_ATLApp_VerifyAllLinksUnderTheBestOfFashionTabTest()'><b>TS009_ATLApp_VerifyAllLinksUnderTheBestOfFashionTabTest</b><br>Test class: PROD.AtlantaAppSmokeTest_PROD</td>
<td></td>
<td>0</td>
<td>PROD.AtlantaAppSmokeTest_PROD@271053e1</td></tr>
<tr>
<td title='PROD.AmericasMartSmokeTest_PROD.TS010_AMC_VerifyAllLinksUnderOpenYearRoundTest()'><b>TS010_AMC_VerifyAllLinksUnderOpenYearRoundTest</b><br>Test class: PROD.AmericasMartSmokeTest_PROD</td>
<td></td>
<td>0</td>
<td>PROD.AmericasMartSmokeTest_PROD@754ba872</td></tr>
<tr>
<td title='PROD.AtlantaAppSmokeTest_PROD.TS010_ATLApp_VerifyAllLinksUnderExhibitTabTest()'><b>TS010_ATLApp_VerifyAllLinksUnderExhibitTabTest</b><br>Test class: PROD.AtlantaAppSmokeTest_PROD</td>
<td></td>
<td>0</td>
<td>PROD.AtlantaAppSmokeTest_PROD@271053e1</td></tr>
<tr>
<td title='PROD.AmericasMartSmokeTest_PROD.TS011_AMC_VerifyExhibitorDirectoryTest()'><b>TS011_AMC_VerifyExhibitorDirectoryTest</b><br>Test class: PROD.AmericasMartSmokeTest_PROD</td>
<td></td>
<td>0</td>
<td>PROD.AmericasMartSmokeTest_PROD@754ba872</td></tr>
<tr>
<td title='PROD.AtlantaAppSmokeTest_PROD.TS011_ATLApp_VerifyAllLinksUnderYearRoundTabTest()'><b>TS011_ATLApp_VerifyAllLinksUnderYearRoundTabTest</b><br>Test class: PROD.AtlantaAppSmokeTest_PROD</td>
<td></td>
<td>0</td>
<td>PROD.AtlantaAppSmokeTest_PROD@271053e1</td></tr>
<tr>
<td title='PROD.AmericasMartSmokeTest_PROD.TS012_AMC_VerifyFooterLinksTest()'><b>TS012_AMC_VerifyFooterLinksTest</b><br>Test class: PROD.AmericasMartSmokeTest_PROD</td>
<td></td>
<td>0</td>
<td>PROD.AmericasMartSmokeTest_PROD@754ba872</td></tr>
<tr>
<td title='PROD.AtlantaAppSmokeTest_PROD.TS012_ATLApp_VerifyFooterLinksTest()'><b>TS012_ATLApp_VerifyFooterLinksTest</b><br>Test class: PROD.AtlantaAppSmokeTest_PROD</td>
<td></td>
<td>0</td>
<td>PROD.AtlantaAppSmokeTest_PROD@271053e1</td></tr>
<tr>
<td title='PROD.AtlantaAppSmokeTest_PROD.TS013_ATLApp_VerifyAllLinksUnderAttendTabTest()'><b>TS013_ATLApp_VerifyAllLinksUnderAttendTabTest</b><br>Test class: PROD.AtlantaAppSmokeTest_PROD</td>
<td></td>
<td>0</td>
<td>PROD.AtlantaAppSmokeTest_PROD@271053e1</td></tr>
</table><p>
</body>
</html>