<?xml version="1.0" encoding="UTF-8"?>
<!-- Generated by org.testng.reporters.JUnitXMLReporter -->
<testsuite hostname="Anuppa-VD3" name="Parallel Test" tests="64" failures="18" timestamp="5 Jul 2024 10:49:32 GMT" time="1598.962" errors="0">
  <testcase name="TS001_SC_VerifySitecoreLoginTest" time="31.844" classname="PROD.SitecoreSmokeTest_PROD"/>
  <testcase name="TS002_SC_VerifyContentEditorTest" time="12.68" classname="PROD.SitecoreSmokeTest_PROD"/>
  <testcase name="TS001_EXP_VerifyExhibitorPortalLoginTest" time="42.605" classname="PROD.ExhibitorPortalSmokeTest_PROD">
    <failure type="org.openqa.selenium.TimeoutException" message="Expected condition failed: waiting for element to be clickable: By.xpath: //input[@id=&amp;apos;signInName&amp;apos;] (tried for 30 second(s) with 500 MILLISECONDS interval)">
      <![CDATA[org.openqa.selenium.TimeoutException: Expected condition failed: waiting for element to be clickable: By.xpath: //input[@id='signInName'] (tried for 30 second(s) with 500 MILLISECONDS interval)
	at org.openqa.selenium.support.ui.WebDriverWait.timeoutException(WebDriverWait.java:80)
	at org.openqa.selenium.support.ui.FluentWait.until(FluentWait.java:232)
	at pageObjects.ExhibitorPortal.EXPLoginPage.getEmailAddress(EXPLoginPage.java:28)
	at PROD.ExhibitorPortalSmokeTest_PROD.TS001_EXP_VerifyExhibitorPortalLoginTest(ExhibitorPortalSmokeTest_PROD.java:75)
	at java.util.concurrent.ThreadPoolExecutor.runWorker(Unknown Source)
	at java.util.concurrent.ThreadPoolExecutor$Worker.run(Unknown Source)
	at java.lang.Thread.run(Unknown Source)
Caused by: org.openqa.selenium.NoSuchElementException: Cannot locate an element using By.xpath: //input[@id='signInName']
For documentation on this error, please visit: http://seleniumhq.org/exceptions/no_such_element.html
Build info: version: '3.4.0', revision: 'unknown', time: 'unknown'
System info: host: 'ANUPPA-VD3', ip: '172.27.182.66', os.name: 'Windows 10', os.arch: 'amd64', os.version: '10.0', java.version: '1.8.0_381'
Driver info: driver.version: unknown
	at org.openqa.selenium.support.ui.ExpectedConditions.lambda$findElement$0(ExpectedConditions.java:883)
	at java.util.Optional.orElseThrow(Unknown Source)
	at org.openqa.selenium.support.ui.ExpectedConditions.findElement(ExpectedConditions.java:882)
	at org.openqa.selenium.support.ui.ExpectedConditions.access$000(ExpectedConditions.java:44)
	at org.openqa.selenium.support.ui.ExpectedConditions$7.apply(ExpectedConditions.java:206)
	at org.openqa.selenium.support.ui.ExpectedConditions$7.apply(ExpectedConditions.java:202)
	at org.openqa.selenium.support.ui.ExpectedConditions$22.apply(ExpectedConditions.java:644)
	at org.openqa.selenium.support.ui.ExpectedConditions$22.apply(ExpectedConditions.java:641)
	at org.openqa.selenium.support.ui.FluentWait.until(FluentWait.java:209)
	... 15 more
... Removed 10 stack frames]]>
    </failure>
  </testcase> <!-- TS001_EXP_VerifyExhibitorPortalLoginTest -->
  <testcase name="TS003_SC_VerifyControlPanelTest" time="11.802" classname="PROD.SitecoreSmokeTest_PROD"/>
  <testcase name="TS004_SC_VerifyShowSpecialApprovalsTest" time="11.601" classname="PROD.SitecoreSmokeTest_PROD"/>
  <testcase name="TS002_EXP_VerifyNotificationsTabTest" time="30.374" classname="PROD.ExhibitorPortalSmokeTest_PROD">
    <failure type="org.openqa.selenium.TimeoutException" message="Expected condition failed: waiting for element to be clickable: By.xpath: //a[@href = &amp;apos;/Notifications&amp;apos;] (tried for 30 second(s) with 500 MILLISECONDS interval)">
      <![CDATA[org.openqa.selenium.TimeoutException: Expected condition failed: waiting for element to be clickable: By.xpath: //a[@href = '/Notifications'] (tried for 30 second(s) with 500 MILLISECONDS interval)
	at org.openqa.selenium.support.ui.WebDriverWait.timeoutException(WebDriverWait.java:80)
	at org.openqa.selenium.support.ui.FluentWait.until(FluentWait.java:232)
	at pageObjects.ExhibitorPortal.EXPNotificationsTabPage.getNotifications(EXPNotificationsTabPage.java:24)
	at PROD.ExhibitorPortalSmokeTest_PROD.TS002_EXP_VerifyNotificationsTabTest(ExhibitorPortalSmokeTest_PROD.java:102)
	at java.util.concurrent.ThreadPoolExecutor.runWorker(Unknown Source)
	at java.util.concurrent.ThreadPoolExecutor$Worker.run(Unknown Source)
	at java.lang.Thread.run(Unknown Source)
Caused by: org.openqa.selenium.NoSuchElementException: Cannot locate an element using By.xpath: //a[@href = '/Notifications']
For documentation on this error, please visit: http://seleniumhq.org/exceptions/no_such_element.html
Build info: version: '3.4.0', revision: 'unknown', time: 'unknown'
System info: host: 'ANUPPA-VD3', ip: '172.27.182.66', os.name: 'Windows 10', os.arch: 'amd64', os.version: '10.0', java.version: '1.8.0_381'
Driver info: driver.version: unknown
	at org.openqa.selenium.support.ui.ExpectedConditions.lambda$findElement$0(ExpectedConditions.java:883)
	at java.util.Optional.orElseThrow(Unknown Source)
	at org.openqa.selenium.support.ui.ExpectedConditions.findElement(ExpectedConditions.java:882)
	at org.openqa.selenium.support.ui.ExpectedConditions.access$000(ExpectedConditions.java:44)
	at org.openqa.selenium.support.ui.ExpectedConditions$7.apply(ExpectedConditions.java:206)
	at org.openqa.selenium.support.ui.ExpectedConditions$7.apply(ExpectedConditions.java:202)
	at org.openqa.selenium.support.ui.ExpectedConditions$22.apply(ExpectedConditions.java:644)
	at org.openqa.selenium.support.ui.ExpectedConditions$22.apply(ExpectedConditions.java:641)
	at org.openqa.selenium.support.ui.FluentWait.until(FluentWait.java:209)
	... 15 more
... Removed 10 stack frames]]>
    </failure>
  </testcase> <!-- TS002_EXP_VerifyNotificationsTabTest -->
  <testcase name="TS006_SC_VerifyIMCReportsTest" time="9.45" classname="PROD.SitecoreSmokeTest_PROD"/>
  <testcase name="TS007_SC_VerifyTaxonomyManagerTest" time="9.791" classname="PROD.SitecoreSmokeTest_PROD"/>
  <testcase name="TS001_ATLApp_VerifyAllLinksUnderYearRoundTabTest" time="59.415" classname="PROD.AtlantaAppSmokeTest_PROD"/>
  <testcase name="TS008_SC_VerifyExhibitorEventsApprovalTest" time="12.24" classname="PROD.SitecoreSmokeTest_PROD"/>
  <testcase name="TS002_ATL_VerifyGlobalSearchFunctionalityTest" time="27.813" classname="PROD.AtlantaMarketSmokeTest_PROD"/>
  <testcase name="TS008_EXP_VerifyExhibitorPortalFooterLinksTest" time="35.217" classname="PROD.ExhibitorPortalSmokeTest_PROD">
    <failure type="org.openqa.selenium.TimeoutException" message="Expected condition failed: waiting for element to be clickable: By.xpath: //a[@href=&amp;apos;/&amp;apos;]/img (tried for 30 second(s) with 500 MILLISECONDS interval)">
      <![CDATA[org.openqa.selenium.TimeoutException: Expected condition failed: waiting for element to be clickable: By.xpath: //a[@href='/']/img (tried for 30 second(s) with 500 MILLISECONDS interval)
	at org.openqa.selenium.support.ui.WebDriverWait.timeoutException(WebDriverWait.java:80)
	at org.openqa.selenium.support.ui.FluentWait.until(FluentWait.java:232)
	at pageObjects.ExhibitorPortal.EXPFooterLinksPage.getExhibitorPortalSymbol(EXPFooterLinksPage.java:37)
	at PROD.ExhibitorPortalSmokeTest_PROD.TS008_EXP_VerifyExhibitorPortalFooterLinksTest(ExhibitorPortalSmokeTest_PROD.java:639)
	at java.util.concurrent.ThreadPoolExecutor.runWorker(Unknown Source)
	at java.util.concurrent.ThreadPoolExecutor$Worker.run(Unknown Source)
	at java.lang.Thread.run(Unknown Source)
Caused by: org.openqa.selenium.NoSuchElementException: Cannot locate an element using By.xpath: //a[@href='/']/img
For documentation on this error, please visit: http://seleniumhq.org/exceptions/no_such_element.html
Build info: version: '3.4.0', revision: 'unknown', time: 'unknown'
System info: host: 'ANUPPA-VD3', ip: '172.27.182.66', os.name: 'Windows 10', os.arch: 'amd64', os.version: '10.0', java.version: '1.8.0_381'
Driver info: driver.version: unknown
	at org.openqa.selenium.support.ui.ExpectedConditions.lambda$findElement$0(ExpectedConditions.java:883)
	at java.util.Optional.orElseThrow(Unknown Source)
	at org.openqa.selenium.support.ui.ExpectedConditions.findElement(ExpectedConditions.java:882)
	at org.openqa.selenium.support.ui.ExpectedConditions.access$000(ExpectedConditions.java:44)
	at org.openqa.selenium.support.ui.ExpectedConditions$7.apply(ExpectedConditions.java:206)
	at org.openqa.selenium.support.ui.ExpectedConditions$7.apply(ExpectedConditions.java:202)
	at org.openqa.selenium.support.ui.ExpectedConditions$22.apply(ExpectedConditions.java:644)
	at org.openqa.selenium.support.ui.ExpectedConditions$22.apply(ExpectedConditions.java:641)
	at org.openqa.selenium.support.ui.FluentWait.until(FluentWait.java:209)
	... 15 more
... Removed 10 stack frames]]>
    </failure>
  </testcase> <!-- TS008_EXP_VerifyExhibitorPortalFooterLinksTest -->
  <testcase name="TS009_SC_VerifyDigitalAdminPanelTest" time="13.99" classname="PROD.SitecoreSmokeTest_PROD"/>
  <testcase name="TS003_ATL_VerifyExhibitorDirectoryTest" time="20.142" classname="PROD.AtlantaMarketSmokeTest_PROD"/>
  <testcase name="TS005_EXP_VerifyAllLinkUnderEXPApplicationsAndLeasesTest" time="37.419" classname="PROD.ExhibitorPortalSmokeTest_PROD">
    <failure type="org.openqa.selenium.TimeoutException" message="Expected condition failed: waiting for element to be clickable: By.xpath: //div[@id = &amp;apos;root&amp;apos;]/header[1]/div[1]/div[1]/div[1]/span[3] (tried for 30 second(s) with 500 MILLISECONDS interval)">
      <![CDATA[org.openqa.selenium.TimeoutException: Expected condition failed: waiting for element to be clickable: By.xpath: //div[@id = 'root']/header[1]/div[1]/div[1]/div[1]/span[3] (tried for 30 second(s) with 500 MILLISECONDS interval)
	at org.openqa.selenium.support.ui.WebDriverWait.timeoutException(WebDriverWait.java:80)
	at org.openqa.selenium.support.ui.FluentWait.until(FluentWait.java:232)
	at pageObjects.ExhibitorPortal.EXPApplicationsAndLeasesTabPage.getEXPApplicationsAndLeasesTab(EXPApplicationsAndLeasesTabPage.java:35)
	at PROD.ExhibitorPortalSmokeTest_PROD.TS005_EXP_VerifyAllLinkUnderEXPApplicationsAndLeasesTest(ExhibitorPortalSmokeTest_PROD.java:360)
	at java.util.concurrent.ThreadPoolExecutor.runWorker(Unknown Source)
	at java.util.concurrent.ThreadPoolExecutor$Worker.run(Unknown Source)
	at java.lang.Thread.run(Unknown Source)
Caused by: org.openqa.selenium.NoSuchElementException: Cannot locate an element using By.xpath: //div[@id = 'root']/header[1]/div[1]/div[1]/div[1]/span[3]
For documentation on this error, please visit: http://seleniumhq.org/exceptions/no_such_element.html
Build info: version: '3.4.0', revision: 'unknown', time: 'unknown'
System info: host: 'ANUPPA-VD3', ip: '172.27.182.66', os.name: 'Windows 10', os.arch: 'amd64', os.version: '10.0', java.version: '1.8.0_381'
Driver info: driver.version: unknown
	at org.openqa.selenium.support.ui.ExpectedConditions.lambda$findElement$0(ExpectedConditions.java:883)
	at java.util.Optional.orElseThrow(Unknown Source)
	at org.openqa.selenium.support.ui.ExpectedConditions.findElement(ExpectedConditions.java:882)
	at org.openqa.selenium.support.ui.ExpectedConditions.access$000(ExpectedConditions.java:44)
	at org.openqa.selenium.support.ui.ExpectedConditions$7.apply(ExpectedConditions.java:206)
	at org.openqa.selenium.support.ui.ExpectedConditions$7.apply(ExpectedConditions.java:202)
	at org.openqa.selenium.support.ui.ExpectedConditions$22.apply(ExpectedConditions.java:644)
	at org.openqa.selenium.support.ui.ExpectedConditions$22.apply(ExpectedConditions.java:641)
	at org.openqa.selenium.support.ui.FluentWait.until(FluentWait.java:209)
	... 15 more
... Removed 10 stack frames]]>
    </failure>
  </testcase> <!-- TS005_EXP_VerifyAllLinkUnderEXPApplicationsAndLeasesTest -->
  <testcase name="TS006_EXP_VerifyAllLinkUnderYourDigiShowroomTest" time="34.189" classname="PROD.ExhibitorPortalSmokeTest_PROD">
    <failure type="org.openqa.selenium.TimeoutException" message="Expected condition failed: waiting for element to be clickable: By.xpath: //div[@id = &amp;apos;root&amp;apos;]/header[1]/div[1]/div[1]/div[1]/span[1] (tried for 30 second(s) with 500 MILLISECONDS interval)">
      <![CDATA[org.openqa.selenium.TimeoutException: Expected condition failed: waiting for element to be clickable: By.xpath: //div[@id = 'root']/header[1]/div[1]/div[1]/div[1]/span[1] (tried for 30 second(s) with 500 MILLISECONDS interval)
	at org.openqa.selenium.support.ui.WebDriverWait.timeoutException(WebDriverWait.java:80)
	at org.openqa.selenium.support.ui.FluentWait.until(FluentWait.java:232)
	at pageObjects.ExhibitorPortal.EXPDigitalShowroomTabPage.getEXPYourDigiShowroom(EXPDigitalShowroomTabPage.java:32)
	at PROD.ExhibitorPortalSmokeTest_PROD.TS006_EXP_VerifyAllLinkUnderYourDigiShowroomTest(ExhibitorPortalSmokeTest_PROD.java:514)
	at java.util.concurrent.ThreadPoolExecutor.runWorker(Unknown Source)
	at java.util.concurrent.ThreadPoolExecutor$Worker.run(Unknown Source)
	at java.lang.Thread.run(Unknown Source)
Caused by: org.openqa.selenium.NoSuchElementException: Cannot locate an element using By.xpath: //div[@id = 'root']/header[1]/div[1]/div[1]/div[1]/span[1]
For documentation on this error, please visit: http://seleniumhq.org/exceptions/no_such_element.html
Build info: version: '3.4.0', revision: 'unknown', time: 'unknown'
System info: host: 'ANUPPA-VD3', ip: '172.27.182.66', os.name: 'Windows 10', os.arch: 'amd64', os.version: '10.0', java.version: '1.8.0_381'
Driver info: driver.version: unknown
	at org.openqa.selenium.support.ui.ExpectedConditions.lambda$findElement$0(ExpectedConditions.java:883)
	at java.util.Optional.orElseThrow(Unknown Source)
	at org.openqa.selenium.support.ui.ExpectedConditions.findElement(ExpectedConditions.java:882)
	at org.openqa.selenium.support.ui.ExpectedConditions.access$000(ExpectedConditions.java:44)
	at org.openqa.selenium.support.ui.ExpectedConditions$7.apply(ExpectedConditions.java:206)
	at org.openqa.selenium.support.ui.ExpectedConditions$7.apply(ExpectedConditions.java:202)
	at org.openqa.selenium.support.ui.ExpectedConditions$22.apply(ExpectedConditions.java:644)
	at org.openqa.selenium.support.ui.ExpectedConditions$22.apply(ExpectedConditions.java:641)
	at org.openqa.selenium.support.ui.FluentWait.until(FluentWait.java:209)
	... 15 more
... Removed 10 stack frames]]>
    </failure>
  </testcase> <!-- TS006_EXP_VerifyAllLinkUnderYourDigiShowroomTest -->
  <testcase name="TS004_ATL_VerifyAllLinksUnderMarketInfoTabTest" time="61.586" classname="PROD.AtlantaMarketSmokeTest_PROD">
    <failure type="java.lang.AssertionError">
      <![CDATA[java.lang.AssertionError
	at org.junit.Assert.fail(Assert.java:86)
	at org.junit.Assert.assertTrue(Assert.java:41)
	at org.junit.Assert.assertTrue(Assert.java:52)
	at PROD.AtlantaMarketSmokeTest_PROD.TS004_ATL_VerifyAllLinksUnderMarketInfoTabTest(AtlantaMarketSmokeTest_PROD.java:208)
	at java.util.concurrent.ThreadPoolExecutor.runWorker(Unknown Source)
	at java.util.concurrent.ThreadPoolExecutor$Worker.run(Unknown Source)
	at java.lang.Thread.run(Unknown Source)
... Removed 10 stack frames]]>
    </failure>
  </testcase> <!-- TS004_ATL_VerifyAllLinksUnderMarketInfoTabTest -->
  <testcase name="TS005_ATL_VerifyAllLinksUnderExhibitorsAndProductsTabTest" time="2.878" classname="PROD.AtlantaMarketSmokeTest_PROD">
    <failure type="org.openqa.selenium.WebDriverException" message="element click intercepted: Element &amp;lt;a href=&amp;quot;/&amp;quot; class=&amp;quot;imc-navigation__tier1Link&amp;quot; aria-expanded=&amp;quot;false&amp;quot; aria-controls=&amp;quot;navigation-tier2-&amp;quot; data-xpath=&amp;quot;navigation.tier1Link&amp;quot; target=&amp;quot;_self&amp;quot;&amp;gt;...&amp;lt;/a&amp;gt; is not clickable at point (673, 170). Other element would receive the click: &amp;lt;div class=&amp;quot;imc-loading 
            imc-loading--page-active&amp;quot; aria-hidden=&amp;quot;true&amp;quot;&amp;gt;...&amp;lt;/div&amp;gt;
  (Session info: chrome=126.0.6478.127)
Build info: version: &amp;apos;3.4.0&amp;apos;, revision: &amp;apos;unknown&amp;apos;, time: &amp;apos;unknown&amp;apos;
System info: host: &amp;apos;ANUPPA-VD3&amp;apos;, ip: &amp;apos;172.27.182.66&amp;apos;, os.name: &amp;apos;Windows 10&amp;apos;, os.arch: &amp;apos;amd64&amp;apos;, os.version: &amp;apos;10.0&amp;apos;, java.version: &amp;apos;1.8.0_381&amp;apos;
Driver info: org.openqa.selenium.chrome.ChromeDriver
Capabilities [{networkConnectionEnabled=false, chrome={chromedriverVersion=126.0.6478.126 (d36ace6122e0a59570e258d82441395206d60e1c-refs/branch-heads/6478@{#1591}), userDataDir=C:\Users\anuppa\AppData\Local\Temp\scoped_dir14712_1480918909}, timeouts={implicit=0.0, pageLoad=300000.0, script=30000.0}, pageLoadStrategy=normal, unhandledPromptBehavior=dismiss and notify, strictFileInteractability=false, platform=ANY, proxy=Proxy(), webauthn:extension:minPinLength=true, goog:chromeOptions={debuggerAddress=localhost:61103}, webauthn:extension:credBlob=true, webauthn:extension:prf=true, acceptInsecureCerts=false, browserVersion=126.0.6478.127, fedcm:accounts=true, browserName=chrome, javascriptEnabled=true, platformName=windows, setWindowRect=true, webauthn:extension:largeBlob=true, webauthn:virtualAuthenticators=true}]
Session ID: 7e2b382effd3dd87f0674ca7051adc7b">
      <![CDATA[org.openqa.selenium.WebDriverException: element click intercepted: Element <a href="/" class="imc-navigation__tier1Link" aria-expanded="false" aria-controls="navigation-tier2-" data-xpath="navigation.tier1Link" target="_self">...</a> is not clickable at point (673, 170). Other element would receive the click: <div class="imc-loading 
            imc-loading--page-active" aria-hidden="true">...</div>
  (Session info: chrome=126.0.6478.127)
Build info: version: '3.4.0', revision: 'unknown', time: 'unknown'
System info: host: 'ANUPPA-VD3', ip: '172.27.182.66', os.name: 'Windows 10', os.arch: 'amd64', os.version: '10.0', java.version: '1.8.0_381'
Driver info: org.openqa.selenium.chrome.ChromeDriver
Capabilities [{networkConnectionEnabled=false, chrome={chromedriverVersion=126.0.6478.126 (d36ace6122e0a59570e258d82441395206d60e1c-refs/branch-heads/6478@{#1591}), userDataDir=C:\Users\anuppa\AppData\Local\Temp\scoped_dir14712_1480918909}, timeouts={implicit=0.0, pageLoad=300000.0, script=30000.0}, pageLoadStrategy=normal, unhandledPromptBehavior=dismiss and notify, strictFileInteractability=false, platform=ANY, proxy=Proxy(), webauthn:extension:minPinLength=true, goog:chromeOptions={debuggerAddress=localhost:61103}, webauthn:extension:credBlob=true, webauthn:extension:prf=true, acceptInsecureCerts=false, browserVersion=126.0.6478.127, fedcm:accounts=true, browserName=chrome, javascriptEnabled=true, platformName=windows, setWindowRect=true, webauthn:extension:largeBlob=true, webauthn:virtualAuthenticators=true}]
Session ID: 7e2b382effd3dd87f0674ca7051adc7b
	at org.openqa.selenium.remote.http.W3CHttpResponseCodec.createException(W3CHttpResponseCodec.java:150)
	at org.openqa.selenium.remote.http.W3CHttpResponseCodec.decode(W3CHttpResponseCodec.java:115)
	at org.openqa.selenium.remote.http.W3CHttpResponseCodec.decode(W3CHttpResponseCodec.java:45)
	at org.openqa.selenium.remote.HttpCommandExecutor.execute(HttpCommandExecutor.java:164)
	at org.openqa.selenium.remote.service.DriverCommandExecutor.execute(DriverCommandExecutor.java:82)
	at org.openqa.selenium.remote.RemoteWebDriver.execute(RemoteWebDriver.java:637)
	at org.openqa.selenium.remote.RemoteWebElement.execute(RemoteWebElement.java:272)
	at org.openqa.selenium.remote.RemoteWebElement.click(RemoteWebElement.java:82)
	at PROD.AtlantaMarketSmokeTest_PROD.TS005_ATL_VerifyAllLinksUnderExhibitorsAndProductsTabTest(AtlantaMarketSmokeTest_PROD.java:297)
	at java.util.concurrent.ThreadPoolExecutor.runWorker(Unknown Source)
	at java.util.concurrent.ThreadPoolExecutor$Worker.run(Unknown Source)
	at java.lang.Thread.run(Unknown Source)
... Removed 14 stack frames]]>
    </failure>
  </testcase> <!-- TS005_ATL_VerifyAllLinksUnderExhibitorsAndProductsTabTest -->
  <testcase name="TS007_EXP_VerifyAllLinkUnderEXPMarketTabTest" time="35.421" classname="PROD.ExhibitorPortalSmokeTest_PROD">
    <failure type="org.openqa.selenium.NoSuchElementException" message="no such element: Unable to locate element: {&amp;quot;method&amp;quot;:&amp;quot;xpath&amp;quot;,&amp;quot;selector&amp;quot;:&amp;quot;//div[@id = &amp;apos;root&amp;apos;]/header[1]/div[1]/div[1]/div[1]/span[2]&amp;quot;}
  (Session info: chrome=126.0.6478.127)
For documentation on this error, please visit: http://seleniumhq.org/exceptions/no_such_element.html
Build info: version: &amp;apos;3.4.0&amp;apos;, revision: &amp;apos;unknown&amp;apos;, time: &amp;apos;unknown&amp;apos;
System info: host: &amp;apos;ANUPPA-VD3&amp;apos;, ip: &amp;apos;172.27.182.66&amp;apos;, os.name: &amp;apos;Windows 10&amp;apos;, os.arch: &amp;apos;amd64&amp;apos;, os.version: &amp;apos;10.0&amp;apos;, java.version: &amp;apos;1.8.0_381&amp;apos;
Driver info: org.openqa.selenium.chrome.ChromeDriver
Capabilities [{networkConnectionEnabled=false, chrome={chromedriverVersion=126.0.6478.126 (d36ace6122e0a59570e258d82441395206d60e1c-refs/branch-heads/6478@{#1591}), userDataDir=C:\Users\anuppa\AppData\Local\Temp\scoped_dir32180_1299200625}, timeouts={implicit=0.0, pageLoad=300000.0, script=30000.0}, pageLoadStrategy=normal, unhandledPromptBehavior=dismiss and notify, strictFileInteractability=false, platform=ANY, proxy=Proxy(), webauthn:extension:minPinLength=true, goog:chromeOptions={debuggerAddress=localhost:61141}, webauthn:extension:credBlob=true, webauthn:extension:prf=true, acceptInsecureCerts=false, browserVersion=126.0.6478.127, fedcm:accounts=true, browserName=chrome, javascriptEnabled=true, platformName=windows, setWindowRect=true, webauthn:extension:largeBlob=true, webauthn:virtualAuthenticators=true}]
Session ID: c3e160d664588c7a9693a4626c5a977f
*** Element info: {Using=xpath, value=//div[@id = &amp;apos;root&amp;apos;]/header[1]/div[1]/div[1]/div[1]/span[2]}">
      <![CDATA[org.openqa.selenium.NoSuchElementException: no such element: Unable to locate element: {"method":"xpath","selector":"//div[@id = 'root']/header[1]/div[1]/div[1]/div[1]/span[2]"}
  (Session info: chrome=126.0.6478.127)
For documentation on this error, please visit: http://seleniumhq.org/exceptions/no_such_element.html
Build info: version: '3.4.0', revision: 'unknown', time: 'unknown'
System info: host: 'ANUPPA-VD3', ip: '172.27.182.66', os.name: 'Windows 10', os.arch: 'amd64', os.version: '10.0', java.version: '1.8.0_381'
Driver info: org.openqa.selenium.chrome.ChromeDriver
Capabilities [{networkConnectionEnabled=false, chrome={chromedriverVersion=126.0.6478.126 (d36ace6122e0a59570e258d82441395206d60e1c-refs/branch-heads/6478@{#1591}), userDataDir=C:\Users\anuppa\AppData\Local\Temp\scoped_dir32180_1299200625}, timeouts={implicit=0.0, pageLoad=300000.0, script=30000.0}, pageLoadStrategy=normal, unhandledPromptBehavior=dismiss and notify, strictFileInteractability=false, platform=ANY, proxy=Proxy(), webauthn:extension:minPinLength=true, goog:chromeOptions={debuggerAddress=localhost:61141}, webauthn:extension:credBlob=true, webauthn:extension:prf=true, acceptInsecureCerts=false, browserVersion=126.0.6478.127, fedcm:accounts=true, browserName=chrome, javascriptEnabled=true, platformName=windows, setWindowRect=true, webauthn:extension:largeBlob=true, webauthn:virtualAuthenticators=true}]
Session ID: c3e160d664588c7a9693a4626c5a977f
*** Element info: {Using=xpath, value=//div[@id = 'root']/header[1]/div[1]/div[1]/div[1]/span[2]}
	at org.openqa.selenium.remote.http.W3CHttpResponseCodec.createException(W3CHttpResponseCodec.java:150)
	at org.openqa.selenium.remote.http.W3CHttpResponseCodec.decode(W3CHttpResponseCodec.java:115)
	at org.openqa.selenium.remote.http.W3CHttpResponseCodec.decode(W3CHttpResponseCodec.java:45)
	at org.openqa.selenium.remote.HttpCommandExecutor.execute(HttpCommandExecutor.java:164)
	at org.openqa.selenium.remote.service.DriverCommandExecutor.execute(DriverCommandExecutor.java:82)
	at org.openqa.selenium.remote.RemoteWebDriver.execute(RemoteWebDriver.java:637)
	at org.openqa.selenium.remote.RemoteWebDriver.findElement(RemoteWebDriver.java:410)
	at org.openqa.selenium.remote.RemoteWebDriver.findElementByXPath(RemoteWebDriver.java:509)
	at org.openqa.selenium.By$ByXPath.findElement(By.java:361)
	at org.openqa.selenium.remote.RemoteWebDriver.findElement(RemoteWebDriver.java:402)
	at pageObjects.ExhibitorPortal.EXPMarketTabPage.getEXPMarketTab(EXPMarketTabPage.java:29)
	at PROD.ExhibitorPortalSmokeTest_PROD.TS007_EXP_VerifyAllLinkUnderEXPMarketTabTest(ExhibitorPortalSmokeTest_PROD.java:598)
	at java.util.concurrent.ThreadPoolExecutor.runWorker(Unknown Source)
	at java.util.concurrent.ThreadPoolExecutor$Worker.run(Unknown Source)
	at java.lang.Thread.run(Unknown Source)
... Removed 14 stack frames]]>
    </failure>
  </testcase> <!-- TS007_EXP_VerifyAllLinkUnderEXPMarketTabTest -->
  <testcase name="TS003_EXP_VerifySettingsTabTest" time="32.099" classname="PROD.ExhibitorPortalSmokeTest_PROD">
    <failure type="org.openqa.selenium.TimeoutException" message="Expected condition failed: waiting for element to be clickable: By.xpath: //div[@id = &amp;apos;root&amp;apos;]/header[1]/div[1]/div[2]/span (tried for 30 second(s) with 500 MILLISECONDS interval)">
      <![CDATA[org.openqa.selenium.TimeoutException: Expected condition failed: waiting for element to be clickable: By.xpath: //div[@id = 'root']/header[1]/div[1]/div[2]/span (tried for 30 second(s) with 500 MILLISECONDS interval)
	at org.openqa.selenium.support.ui.WebDriverWait.timeoutException(WebDriverWait.java:80)
	at org.openqa.selenium.support.ui.FluentWait.until(FluentWait.java:232)
	at pageObjects.ExhibitorPortal.EXPSettingsPage.getSettings(EXPSettingsPage.java:35)
	at PROD.ExhibitorPortalSmokeTest_PROD.TS003_EXP_VerifySettingsTabTest(ExhibitorPortalSmokeTest_PROD.java:122)
	at java.util.concurrent.ThreadPoolExecutor.runWorker(Unknown Source)
	at java.util.concurrent.ThreadPoolExecutor$Worker.run(Unknown Source)
	at java.lang.Thread.run(Unknown Source)
Caused by: org.openqa.selenium.NoSuchElementException: Cannot locate an element using By.xpath: //div[@id = 'root']/header[1]/div[1]/div[2]/span
For documentation on this error, please visit: http://seleniumhq.org/exceptions/no_such_element.html
Build info: version: '3.4.0', revision: 'unknown', time: 'unknown'
System info: host: 'ANUPPA-VD3', ip: '172.27.182.66', os.name: 'Windows 10', os.arch: 'amd64', os.version: '10.0', java.version: '1.8.0_381'
Driver info: driver.version: unknown
	at org.openqa.selenium.support.ui.ExpectedConditions.lambda$findElement$0(ExpectedConditions.java:883)
	at java.util.Optional.orElseThrow(Unknown Source)
	at org.openqa.selenium.support.ui.ExpectedConditions.findElement(ExpectedConditions.java:882)
	at org.openqa.selenium.support.ui.ExpectedConditions.access$000(ExpectedConditions.java:44)
	at org.openqa.selenium.support.ui.ExpectedConditions$7.apply(ExpectedConditions.java:206)
	at org.openqa.selenium.support.ui.ExpectedConditions$7.apply(ExpectedConditions.java:202)
	at org.openqa.selenium.support.ui.ExpectedConditions$22.apply(ExpectedConditions.java:644)
	at org.openqa.selenium.support.ui.ExpectedConditions$22.apply(ExpectedConditions.java:641)
	at org.openqa.selenium.support.ui.FluentWait.until(FluentWait.java:209)
	... 15 more
... Removed 10 stack frames]]>
    </failure>
  </testcase> <!-- TS003_EXP_VerifySettingsTabTest -->
  <testcase name="TS003_ATLApp_VerifyAllLinksUnderAttendTabTest" time="163.754" classname="PROD.AtlantaAppSmokeTest_PROD"/>
  <testcase name="TS006_ATL_VerifyAllNewsAndTrendsMenuTest" time="66.241" classname="PROD.AtlantaMarketSmokeTest_PROD">
    <failure type="org.openqa.selenium.WebDriverException" message="element click intercepted: Element &amp;lt;a href=&amp;quot;/&amp;quot; class=&amp;quot;imc-navigation__tier1Link&amp;quot; aria-expanded=&amp;quot;false&amp;quot; aria-controls=&amp;quot;navigation-tier2-&amp;quot; data-xpath=&amp;quot;navigation.tier1Link&amp;quot; target=&amp;quot;_self&amp;quot;&amp;gt;...&amp;lt;/a&amp;gt; is not clickable at point (1283, 170). Other element would receive the click: &amp;lt;div class=&amp;quot;imc-loading 
            imc-loading--page-active&amp;quot; aria-hidden=&amp;quot;true&amp;quot;&amp;gt;...&amp;lt;/div&amp;gt;
  (Session info: chrome=126.0.6478.127)
Build info: version: &amp;apos;3.4.0&amp;apos;, revision: &amp;apos;unknown&amp;apos;, time: &amp;apos;unknown&amp;apos;
System info: host: &amp;apos;ANUPPA-VD3&amp;apos;, ip: &amp;apos;172.27.182.66&amp;apos;, os.name: &amp;apos;Windows 10&amp;apos;, os.arch: &amp;apos;amd64&amp;apos;, os.version: &amp;apos;10.0&amp;apos;, java.version: &amp;apos;1.8.0_381&amp;apos;
Driver info: org.openqa.selenium.chrome.ChromeDriver
Capabilities [{networkConnectionEnabled=false, chrome={chromedriverVersion=126.0.6478.126 (d36ace6122e0a59570e258d82441395206d60e1c-refs/branch-heads/6478@{#1591}), userDataDir=C:\Users\anuppa\AppData\Local\Temp\scoped_dir14712_1480918909}, timeouts={implicit=0.0, pageLoad=300000.0, script=30000.0}, pageLoadStrategy=normal, unhandledPromptBehavior=dismiss and notify, strictFileInteractability=false, platform=ANY, proxy=Proxy(), webauthn:extension:minPinLength=true, goog:chromeOptions={debuggerAddress=localhost:61103}, webauthn:extension:credBlob=true, webauthn:extension:prf=true, acceptInsecureCerts=false, browserVersion=126.0.6478.127, fedcm:accounts=true, browserName=chrome, javascriptEnabled=true, platformName=windows, setWindowRect=true, webauthn:extension:largeBlob=true, webauthn:virtualAuthenticators=true}]
Session ID: 7e2b382effd3dd87f0674ca7051adc7b">
      <![CDATA[org.openqa.selenium.WebDriverException: element click intercepted: Element <a href="/" class="imc-navigation__tier1Link" aria-expanded="false" aria-controls="navigation-tier2-" data-xpath="navigation.tier1Link" target="_self">...</a> is not clickable at point (1283, 170). Other element would receive the click: <div class="imc-loading 
            imc-loading--page-active" aria-hidden="true">...</div>
  (Session info: chrome=126.0.6478.127)
Build info: version: '3.4.0', revision: 'unknown', time: 'unknown'
System info: host: 'ANUPPA-VD3', ip: '172.27.182.66', os.name: 'Windows 10', os.arch: 'amd64', os.version: '10.0', java.version: '1.8.0_381'
Driver info: org.openqa.selenium.chrome.ChromeDriver
Capabilities [{networkConnectionEnabled=false, chrome={chromedriverVersion=126.0.6478.126 (d36ace6122e0a59570e258d82441395206d60e1c-refs/branch-heads/6478@{#1591}), userDataDir=C:\Users\anuppa\AppData\Local\Temp\scoped_dir14712_1480918909}, timeouts={implicit=0.0, pageLoad=300000.0, script=30000.0}, pageLoadStrategy=normal, unhandledPromptBehavior=dismiss and notify, strictFileInteractability=false, platform=ANY, proxy=Proxy(), webauthn:extension:minPinLength=true, goog:chromeOptions={debuggerAddress=localhost:61103}, webauthn:extension:credBlob=true, webauthn:extension:prf=true, acceptInsecureCerts=false, browserVersion=126.0.6478.127, fedcm:accounts=true, browserName=chrome, javascriptEnabled=true, platformName=windows, setWindowRect=true, webauthn:extension:largeBlob=true, webauthn:virtualAuthenticators=true}]
Session ID: 7e2b382effd3dd87f0674ca7051adc7b
	at org.openqa.selenium.remote.http.W3CHttpResponseCodec.createException(W3CHttpResponseCodec.java:150)
	at org.openqa.selenium.remote.http.W3CHttpResponseCodec.decode(W3CHttpResponseCodec.java:115)
	at org.openqa.selenium.remote.http.W3CHttpResponseCodec.decode(W3CHttpResponseCodec.java:45)
	at org.openqa.selenium.remote.HttpCommandExecutor.execute(HttpCommandExecutor.java:164)
	at org.openqa.selenium.remote.service.DriverCommandExecutor.execute(DriverCommandExecutor.java:82)
	at org.openqa.selenium.remote.RemoteWebDriver.execute(RemoteWebDriver.java:637)
	at org.openqa.selenium.remote.RemoteWebElement.execute(RemoteWebElement.java:272)
	at org.openqa.selenium.remote.RemoteWebElement.click(RemoteWebElement.java:82)
	at PROD.AtlantaMarketSmokeTest_PROD.TS006_ATL_VerifyAllNewsAndTrendsMenuTest(AtlantaMarketSmokeTest_PROD.java:369)
	at java.util.concurrent.ThreadPoolExecutor.runWorker(Unknown Source)
	at java.util.concurrent.ThreadPoolExecutor$Worker.run(Unknown Source)
	at java.lang.Thread.run(Unknown Source)
... Removed 14 stack frames]]>
    </failure>
  </testcase> <!-- TS006_ATL_VerifyAllNewsAndTrendsMenuTest -->
  <testcase name="TS004_EXP_VerifyAllLinkUnderEXPRegistrationsAndServicesTabTest" time="30.162" classname="PROD.ExhibitorPortalSmokeTest_PROD">
    <failure type="org.openqa.selenium.TimeoutException" message="Expected condition failed: waiting for element to be clickable: By.xpath: //div[@id = &amp;apos;root&amp;apos;]/header[1]/div[1]/div[1]/div[1]/span[4] (tried for 30 second(s) with 500 MILLISECONDS interval)">
      <![CDATA[org.openqa.selenium.TimeoutException: Expected condition failed: waiting for element to be clickable: By.xpath: //div[@id = 'root']/header[1]/div[1]/div[1]/div[1]/span[4] (tried for 30 second(s) with 500 MILLISECONDS interval)
	at org.openqa.selenium.support.ui.WebDriverWait.timeoutException(WebDriverWait.java:80)
	at org.openqa.selenium.support.ui.FluentWait.until(FluentWait.java:232)
	at pageObjects.ExhibitorPortal.EXPRegistrationAndServicesTabPage.getEXPRegAndServicesTab(EXPRegistrationAndServicesTabPage.java:41)
	at PROD.ExhibitorPortalSmokeTest_PROD.TS004_EXP_VerifyAllLinkUnderEXPRegistrationsAndServicesTabTest(ExhibitorPortalSmokeTest_PROD.java:186)
	at java.util.concurrent.ThreadPoolExecutor.runWorker(Unknown Source)
	at java.util.concurrent.ThreadPoolExecutor$Worker.run(Unknown Source)
	at java.lang.Thread.run(Unknown Source)
Caused by: org.openqa.selenium.NoSuchElementException: Cannot locate an element using By.xpath: //div[@id = 'root']/header[1]/div[1]/div[1]/div[1]/span[4]
For documentation on this error, please visit: http://seleniumhq.org/exceptions/no_such_element.html
Build info: version: '3.4.0', revision: 'unknown', time: 'unknown'
System info: host: 'ANUPPA-VD3', ip: '172.27.182.66', os.name: 'Windows 10', os.arch: 'amd64', os.version: '10.0', java.version: '1.8.0_381'
Driver info: driver.version: unknown
	at org.openqa.selenium.support.ui.ExpectedConditions.lambda$findElement$0(ExpectedConditions.java:883)
	at java.util.Optional.orElseThrow(Unknown Source)
	at org.openqa.selenium.support.ui.ExpectedConditions.findElement(ExpectedConditions.java:882)
	at org.openqa.selenium.support.ui.ExpectedConditions.access$000(ExpectedConditions.java:44)
	at org.openqa.selenium.support.ui.ExpectedConditions$7.apply(ExpectedConditions.java:206)
	at org.openqa.selenium.support.ui.ExpectedConditions$7.apply(ExpectedConditions.java:202)
	at org.openqa.selenium.support.ui.ExpectedConditions$22.apply(ExpectedConditions.java:644)
	at org.openqa.selenium.support.ui.ExpectedConditions$22.apply(ExpectedConditions.java:641)
	at org.openqa.selenium.support.ui.FluentWait.until(FluentWait.java:209)
	... 15 more
... Removed 10 stack frames]]>
    </failure>
  </testcase> <!-- TS004_EXP_VerifyAllLinkUnderEXPRegistrationsAndServicesTabTest -->
  <testcase name="TS004_ATLApp_VerifyGlobalSearchFunctionalityTest" time="29.599" classname="PROD.AtlantaAppSmokeTest_PROD"/>
  <testcase name="TS005_ATLApp_VerifyExhibitorDirectoryTest" time="42.491" classname="PROD.AtlantaAppSmokeTest_PROD"/>
  <testcase name="TS006_ATLApp_VerifyAllLinksUnderMarketsTabTest" time="107.559" classname="PROD.AtlantaAppSmokeTest_PROD"/>
  <testcase name="TS007_ATLApp_VerifyAllLinksUnderExhibitorsAndBrandsTabTest" time="70.126" classname="PROD.AtlantaAppSmokeTest_PROD"/>
  <testcase name="TS008_ATLApp_VerifySocialMediaLinksTest" time="31.314" classname="PROD.AtlantaAppSmokeTest_PROD"/>
  <testcase name="TS007_ATL_VerifyAllChannelsLinksTest" time="281.02" classname="PROD.AtlantaMarketSmokeTest_PROD">
    <failure type="org.openqa.selenium.TimeoutException" message="Expected condition failed: waiting for visibility of element located by By.xpath: //div[@class=&amp;apos;top-nav-dropdown-menu&amp;apos;]/descendant::span[contains(text(),&amp;apos;Atlanta Convention Center&amp;apos;)] (tried for 30 second(s) with 500 MILLISECONDS interval)">
      <![CDATA[org.openqa.selenium.TimeoutException: Expected condition failed: waiting for visibility of element located by By.xpath: //div[@class='top-nav-dropdown-menu']/descendant::span[contains(text(),'Atlanta Convention Center')] (tried for 30 second(s) with 500 MILLISECONDS interval)
	at org.openqa.selenium.support.ui.WebDriverWait.timeoutException(WebDriverWait.java:80)
	at org.openqa.selenium.support.ui.FluentWait.until(FluentWait.java:232)
	at pageObjects.LasVegasMarket.UXPHeaderChannelLinksPage.getAtlantaConventionCenter(UXPHeaderChannelLinksPage.java:110)
	at PROD.AtlantaMarketSmokeTest_PROD.TS007_ATL_VerifyAllChannelsLinksTest(AtlantaMarketSmokeTest_PROD.java:579)
	at java.util.concurrent.ThreadPoolExecutor.runWorker(Unknown Source)
	at java.util.concurrent.ThreadPoolExecutor$Worker.run(Unknown Source)
	at java.lang.Thread.run(Unknown Source)
Caused by: org.openqa.selenium.NoSuchElementException: Cannot locate an element using By.xpath: //div[@class='top-nav-dropdown-menu']/descendant::span[contains(text(),'Atlanta Convention Center')]
For documentation on this error, please visit: http://seleniumhq.org/exceptions/no_such_element.html
Build info: version: '3.4.0', revision: 'unknown', time: 'unknown'
System info: host: 'ANUPPA-VD3', ip: '172.27.182.66', os.name: 'Windows 10', os.arch: 'amd64', os.version: '10.0', java.version: '1.8.0_381'
Driver info: driver.version: unknown
	at org.openqa.selenium.support.ui.ExpectedConditions.lambda$findElement$0(ExpectedConditions.java:883)
	at java.util.Optional.orElseThrow(Unknown Source)
	at org.openqa.selenium.support.ui.ExpectedConditions.findElement(ExpectedConditions.java:882)
	at org.openqa.selenium.support.ui.ExpectedConditions.access$000(ExpectedConditions.java:44)
	at org.openqa.selenium.support.ui.ExpectedConditions$7.apply(ExpectedConditions.java:206)
	at org.openqa.selenium.support.ui.ExpectedConditions$7.apply(ExpectedConditions.java:202)
	at org.openqa.selenium.support.ui.FluentWait.until(FluentWait.java:209)
	... 15 more
... Removed 10 stack frames]]>
    </failure>
  </testcase> <!-- TS007_ATL_VerifyAllChannelsLinksTest -->
  <testcase name="TS001_LVMApp_VerifyAllHeaderChanelLinksTest" time="552.882" classname="PROD.LasVegasAppSmokeTest_PROD"/>
  <testcase name="TS002_LVMApp_VerifyGlobalSearchFunctionalityTest" time="30.582" classname="PROD.LasVegasAppSmokeTest_PROD"/>
  <testcase name="TS008_ATL_VerifyAllSocialMediaLinksOnFooterTest" time="97.408" classname="PROD.AtlantaMarketSmokeTest_PROD"/>
  <testcase name="TS003_LVMApp_VerifyAllLinksUnderAboutTabTest" time="28.57" classname="PROD.LasVegasAppSmokeTest_PROD"/>
  <testcase name="TS010_ATLApp_VerifyAllLinksUnderExhibitTabTest" time="105.939" classname="PROD.AtlantaAppSmokeTest_PROD"/>
  <testcase name="TS004_LVMApp_VerifyAllLinksUnderExhibitorsAndProductsTabTest" time="20.971" classname="PROD.LasVegasAppSmokeTest_PROD">
    <failure type="java.lang.AssertionError">
      <![CDATA[java.lang.AssertionError
	at org.junit.Assert.fail(Assert.java:86)
	at org.junit.Assert.assertTrue(Assert.java:41)
	at org.junit.Assert.assertTrue(Assert.java:52)
	at PROD.LasVegasAppSmokeTest_PROD.TS004_LVMApp_VerifyAllLinksUnderExhibitorsAndProductsTabTest(LasVegasAppSmokeTest_PROD.java:398)
	at java.util.concurrent.ThreadPoolExecutor.runWorker(Unknown Source)
	at java.util.concurrent.ThreadPoolExecutor$Worker.run(Unknown Source)
	at java.lang.Thread.run(Unknown Source)
... Removed 10 stack frames]]>
    </failure>
  </testcase> <!-- TS004_LVMApp_VerifyAllLinksUnderExhibitorsAndProductsTabTest -->
  <testcase name="TS009_ATLApp_VerifyAllLinksUnderTheBestOfFashionTabTest" time="57.617" classname="PROD.AtlantaAppSmokeTest_PROD"/>
  <testcase name="TS001_LVM_VerifyHeaderChannelLinksTest" time="657.249" classname="PROD.LagVegasMarketSmokeTest_PROD"/>
  <testcase name="TS011_ATLApp_VerifyFooterLinksTest" time="33.724" classname="PROD.AtlantaAppSmokeTest_PROD">
    <failure type="java.lang.AssertionError">
      <![CDATA[java.lang.AssertionError
	at org.junit.Assert.fail(Assert.java:86)
	at org.junit.Assert.assertTrue(Assert.java:41)
	at org.junit.Assert.assertTrue(Assert.java:52)
	at PROD.AtlantaAppSmokeTest_PROD.TS011_ATLApp_VerifyFooterLinksTest(AtlantaAppSmokeTest_PROD.java:915)
	at java.util.concurrent.ThreadPoolExecutor.runWorker(Unknown Source)
	at java.util.concurrent.ThreadPoolExecutor$Worker.run(Unknown Source)
	at java.lang.Thread.run(Unknown Source)
... Removed 10 stack frames]]>
    </failure>
  </testcase> <!-- TS011_ATLApp_VerifyFooterLinksTest -->
  <testcase name="TS005_LVMApp_VerifyAllLinksUnderAttendTabTest" time="92.318" classname="PROD.LasVegasAppSmokeTest_PROD"/>
  <testcase name="TS002_LVM_VerifAllLinksUnderExhibitTabTest" time="20.68" classname="PROD.LagVegasMarketSmokeTest_PROD"/>
  <testcase name="TS009_ATL_VerifyAllLinksUnderAttendTabTest" time="126.98" classname="PROD.AtlantaMarketSmokeTest_PROD">
    <failure type="org.openqa.selenium.StaleElementReferenceException" message="stale element reference: stale element not found in the current frame
  (Session info: chrome=126.0.6478.127)
For documentation on this error, please visit: http://seleniumhq.org/exceptions/stale_element_reference.html
Build info: version: &amp;apos;3.4.0&amp;apos;, revision: &amp;apos;unknown&amp;apos;, time: &amp;apos;unknown&amp;apos;
System info: host: &amp;apos;ANUPPA-VD3&amp;apos;, ip: &amp;apos;172.27.182.66&amp;apos;, os.name: &amp;apos;Windows 10&amp;apos;, os.arch: &amp;apos;amd64&amp;apos;, os.version: &amp;apos;10.0&amp;apos;, java.version: &amp;apos;1.8.0_381&amp;apos;
Driver info: org.openqa.selenium.chrome.ChromeDriver
Capabilities [{networkConnectionEnabled=false, chrome={chromedriverVersion=126.0.6478.126 (d36ace6122e0a59570e258d82441395206d60e1c-refs/branch-heads/6478@{#1591}), userDataDir=C:\Users\anuppa\AppData\Local\Temp\scoped_dir14712_1480918909}, timeouts={implicit=0.0, pageLoad=300000.0, script=30000.0}, pageLoadStrategy=normal, unhandledPromptBehavior=dismiss and notify, strictFileInteractability=false, platform=ANY, proxy=Proxy(), webauthn:extension:minPinLength=true, goog:chromeOptions={debuggerAddress=localhost:61103}, webauthn:extension:credBlob=true, webauthn:extension:prf=true, acceptInsecureCerts=false, browserVersion=126.0.6478.127, fedcm:accounts=true, browserName=chrome, javascriptEnabled=true, platformName=windows, setWindowRect=true, webauthn:extension:largeBlob=true, webauthn:virtualAuthenticators=true}]
Session ID: 7e2b382effd3dd87f0674ca7051adc7b">
      <![CDATA[org.openqa.selenium.StaleElementReferenceException: stale element reference: stale element not found in the current frame
  (Session info: chrome=126.0.6478.127)
For documentation on this error, please visit: http://seleniumhq.org/exceptions/stale_element_reference.html
Build info: version: '3.4.0', revision: 'unknown', time: 'unknown'
System info: host: 'ANUPPA-VD3', ip: '172.27.182.66', os.name: 'Windows 10', os.arch: 'amd64', os.version: '10.0', java.version: '1.8.0_381'
Driver info: org.openqa.selenium.chrome.ChromeDriver
Capabilities [{networkConnectionEnabled=false, chrome={chromedriverVersion=126.0.6478.126 (d36ace6122e0a59570e258d82441395206d60e1c-refs/branch-heads/6478@{#1591}), userDataDir=C:\Users\anuppa\AppData\Local\Temp\scoped_dir14712_1480918909}, timeouts={implicit=0.0, pageLoad=300000.0, script=30000.0}, pageLoadStrategy=normal, unhandledPromptBehavior=dismiss and notify, strictFileInteractability=false, platform=ANY, proxy=Proxy(), webauthn:extension:minPinLength=true, goog:chromeOptions={debuggerAddress=localhost:61103}, webauthn:extension:credBlob=true, webauthn:extension:prf=true, acceptInsecureCerts=false, browserVersion=126.0.6478.127, fedcm:accounts=true, browserName=chrome, javascriptEnabled=true, platformName=windows, setWindowRect=true, webauthn:extension:largeBlob=true, webauthn:virtualAuthenticators=true}]
Session ID: 7e2b382effd3dd87f0674ca7051adc7b
	at org.openqa.selenium.remote.http.W3CHttpResponseCodec.createException(W3CHttpResponseCodec.java:150)
	at org.openqa.selenium.remote.http.W3CHttpResponseCodec.decode(W3CHttpResponseCodec.java:115)
	at org.openqa.selenium.remote.http.W3CHttpResponseCodec.decode(W3CHttpResponseCodec.java:45)
	at org.openqa.selenium.remote.HttpCommandExecutor.execute(HttpCommandExecutor.java:164)
	at org.openqa.selenium.remote.service.DriverCommandExecutor.execute(DriverCommandExecutor.java:82)
	at org.openqa.selenium.remote.RemoteWebDriver.execute(RemoteWebDriver.java:637)
	at org.openqa.selenium.remote.RemoteWebElement.execute(RemoteWebElement.java:272)
	at org.openqa.selenium.remote.RemoteWebElement.getText(RemoteWebElement.java:156)
	at PROD.AtlantaMarketSmokeTest_PROD.TS009_ATL_VerifyAllLinksUnderAttendTabTest(AtlantaMarketSmokeTest_PROD.java:793)
	at java.util.concurrent.ThreadPoolExecutor.runWorker(Unknown Source)
	at java.util.concurrent.ThreadPoolExecutor$Worker.run(Unknown Source)
	at java.lang.Thread.run(Unknown Source)
... Removed 14 stack frames]]>
    </failure>
  </testcase> <!-- TS009_ATL_VerifyAllLinksUnderAttendTabTest -->
  <testcase name="TS001_AMC_VerifyAllHeaderChanelLinksTest" time="745.493" classname="PROD.AmericasMartSmokeTest_PROD"/>
  <testcase name="TS004_LVM_VerifyAllLinksUnderExhibitorsAndProductsTabTest" time="40.512" classname="PROD.LagVegasMarketSmokeTest_PROD"/>
  <testcase name="TS002_AMC_VerifyAllSocialMediaLinksOnFooterTest" time="50.251" classname="PROD.AmericasMartSmokeTest_PROD"/>
  <testcase name="TS010_ATL_VerifAllLinksUnderExhibitTabTest" time="82.341" classname="PROD.AtlantaMarketSmokeTest_PROD"/>
  <testcase name="TS005_LVM_VerifyAllLinksUnderMarketInfoTabTest" time="75.245" classname="PROD.LagVegasMarketSmokeTest_PROD"/>
  <testcase name="TS006_LVMApp_VerifyAllLinksUnderExhibitTabTest" time="139.677" classname="PROD.LasVegasAppSmokeTest_PROD"/>
  <testcase name="TS011_ATL_VerifyFooterLinksTest" time="52.656" classname="PROD.AtlantaMarketSmokeTest_PROD">
    <failure type="org.junit.ComparisonFailure" message="expected:&amp;lt;[Plan Your Market]&amp;gt; but was:&amp;lt;[App]&amp;gt;">
      <![CDATA[org.junit.ComparisonFailure: expected:<[Plan Your Market]> but was:<[App]>
	at org.junit.Assert.assertEquals(Assert.java:115)
	at org.junit.Assert.assertEquals(Assert.java:144)
	at PROD.AtlantaMarketSmokeTest_PROD.TS011_ATL_VerifyFooterLinksTest(AtlantaMarketSmokeTest_PROD.java:937)
	at java.util.concurrent.ThreadPoolExecutor.runWorker(Unknown Source)
	at java.util.concurrent.ThreadPoolExecutor$Worker.run(Unknown Source)
	at java.lang.Thread.run(Unknown Source)
... Removed 10 stack frames]]>
    </failure>
  </testcase> <!-- TS011_ATL_VerifyFooterLinksTest -->
  <testcase name="TS007_LVMApp_VerifyFooterLinksTest" time="47.862" classname="PROD.LasVegasAppSmokeTest_PROD">
    <failure type="java.lang.AssertionError">
      <![CDATA[java.lang.AssertionError
	at org.junit.Assert.fail(Assert.java:86)
	at org.junit.Assert.assertTrue(Assert.java:41)
	at org.junit.Assert.assertTrue(Assert.java:52)
	at PROD.LasVegasAppSmokeTest_PROD.TS007_LVMApp_VerifyFooterLinksTest(LasVegasAppSmokeTest_PROD.java:603)
	at java.util.concurrent.ThreadPoolExecutor.runWorker(Unknown Source)
	at java.util.concurrent.ThreadPoolExecutor$Worker.run(Unknown Source)
	at java.lang.Thread.run(Unknown Source)
... Removed 10 stack frames]]>
    </failure>
  </testcase> <!-- TS007_LVMApp_VerifyFooterLinksTest -->
  <testcase name="TS008_LVMApp_VerifySocialMediaLinksTest" time="13.244" classname="PROD.LasVegasAppSmokeTest_PROD"/>
  <testcase name="TS006_LVM_VerifyAllLinksUnderAttendTabTest" time="180.624" classname="PROD.LagVegasMarketSmokeTest_PROD"/>
  <testcase name="TS007_LVM_VerifyAllLinksUnderExploreMarketTabTest" time="30.852" classname="PROD.LagVegasMarketSmokeTest_PROD"/>
  <testcase name="TS008_LVM_VerifyExhibitorDirectoryTest" time="14.163" classname="PROD.LagVegasMarketSmokeTest_PROD"/>
  <testcase name="TS009_LVM_VerifyGlobalSearchFunctionalityTest" time="4.804" classname="PROD.LagVegasMarketSmokeTest_PROD"/>
  <testcase name="TS003_AMC_VerifyAllLinksUnderMarketsAndEventsTabTest" time="276.326" classname="PROD.AmericasMartSmokeTest_PROD"/>
  <testcase name="TS004_AMC_VerifyGlobalSearchFunctionalityTest" time="59.739" classname="PROD.AmericasMartSmokeTest_PROD"/>
  <testcase name="TS010_LVM_VerifyFooterLinksTest" time="101.91" classname="PROD.LagVegasMarketSmokeTest_PROD">
    <failure type="org.junit.ComparisonFailure" message="expected:&amp;lt;[Plan Your Market]&amp;gt; but was:&amp;lt;[Market App]&amp;gt;">
      <![CDATA[org.junit.ComparisonFailure: expected:<[Plan Your Market]> but was:<[Market App]>
	at org.junit.Assert.assertEquals(Assert.java:115)
	at org.junit.Assert.assertEquals(Assert.java:144)
	at PROD.LagVegasMarketSmokeTest_PROD.TS010_LVM_VerifyFooterLinksTest(LagVegasMarketSmokeTest_PROD.java:857)
	at java.util.concurrent.ThreadPoolExecutor.runWorker(Unknown Source)
	at java.util.concurrent.ThreadPoolExecutor$Worker.run(Unknown Source)
	at java.lang.Thread.run(Unknown Source)
... Removed 10 stack frames]]>
    </failure>
  </testcase> <!-- TS010_LVM_VerifyFooterLinksTest -->
  <testcase name="TS011_LVM_VerifyAllSocialMediaLinksOnFooterTest" time="10.774" classname="PROD.LagVegasMarketSmokeTest_PROD"/>
  <testcase name="TS012_LVM_VerifyAllLinksUnderYearRoundTabTest" time="24.628" classname="PROD.LagVegasMarketSmokeTest_PROD"/>
  <testcase name="TS005_AMC_VerifyAllLinksUnderAboutTabTest" time="103.187" classname="PROD.AmericasMartSmokeTest_PROD"/>
  <testcase name="TS006_AMC_VerifyAllLinksUnderExhibitTest" time="56.712" classname="PROD.AmericasMartSmokeTest_PROD"/>
  <testcase name="TS007_AMC_VerifyAllLinksUnderOpenYearRoundTest" time="107.866" classname="PROD.AmericasMartSmokeTest_PROD"/>
  <testcase name="TS008_AMC_VerifyExhibitorDirectoryTest" time="29.407" classname="PROD.AmericasMartSmokeTest_PROD"/>
  <testcase name="TS009_AMC_VerifyFooterLinksTest" time="96.092" classname="PROD.AmericasMartSmokeTest_PROD"/>
</testsuite> <!-- Parallel Test -->
