<?xml version="1.0" encoding="UTF-8"?>
<!-- Generated by org.testng.reporters.JUnitXMLReporter -->
<testsuite hostname="shradhama-w10" name="Test" tests="10" failures="0" timestamp="15 Feb 2022 07:01:57 GMT" time="39.577" errors="0">
  <testcase name="@BeforeTest initialize" time="0.0" classname="americasmart.AmericasMartSmokeTest_UAT">
    <failure type="org.openqa.selenium.NoSuchElementException" message="no such element: Unable to locate element: {&amp;quot;method&amp;quot;:&amp;quot;xpath&amp;quot;,&amp;quot;selector&amp;quot;:&amp;quot;//button[@id=&amp;apos;gdpr-btn&amp;apos;]&amp;quot;}
  (Session info: chrome=98.0.4758.82)
For documentation on this error, please visit: http://seleniumhq.org/exceptions/no_such_element.html
Build info: version: &amp;apos;3.4.0&amp;apos;, revision: &amp;apos;unknown&amp;apos;, time: &amp;apos;unknown&amp;apos;
System info: host: &amp;apos;SHRADHAMA-W10&amp;apos;, ip: &amp;apos;172.27.182.74&amp;apos;, os.name: &amp;apos;Windows 10&amp;apos;, os.arch: &amp;apos;amd64&amp;apos;, os.version: &amp;apos;10.0&amp;apos;, java.version: &amp;apos;1.8.0_161&amp;apos;
Driver info: org.openqa.selenium.chrome.ChromeDriver
Capabilities [{networkConnectionEnabled=false, chrome={chromedriverVersion=97.0.4692.71 (adefa7837d02a07a604c1e6eff0b3a09422ab88d-refs/branch-heads/4692@{#1247}), userDataDir=C:\Users\SHRADH~1\AppData\Local\Temp\scoped_dir4952_82677134}, timeouts={implicit=0.0, pageLoad=300000.0, script=30000.0}, pageLoadStrategy=normal, unhandledPromptBehavior=dismiss and notify, strictFileInteractability=false, platform=ANY, proxy=Proxy(), goog:chromeOptions={debuggerAddress=localhost:57295}, webauthn:extension:credBlob=true, acceptInsecureCerts=false, browserVersion=98.0.4758.82, browserName=chrome, javascriptEnabled=true, platformName=windows, setWindowRect=true, webauthn:extension:largeBlob=true, webauthn:virtualAuthenticators=true}]
Session ID: 303160b06056dc96f9534eeecfe30fd4
*** Element info: {Using=xpath, value=//button[@id=&amp;apos;gdpr-btn&amp;apos;]}">
      <![CDATA[org.openqa.selenium.NoSuchElementException: no such element: Unable to locate element: {"method":"xpath","selector":"//button[@id='gdpr-btn']"}
  (Session info: chrome=98.0.4758.82)
For documentation on this error, please visit: http://seleniumhq.org/exceptions/no_such_element.html
Build info: version: '3.4.0', revision: 'unknown', time: 'unknown'
System info: host: 'SHRADHAMA-W10', ip: '172.27.182.74', os.name: 'Windows 10', os.arch: 'amd64', os.version: '10.0', java.version: '1.8.0_161'
Driver info: org.openqa.selenium.chrome.ChromeDriver
Capabilities [{networkConnectionEnabled=false, chrome={chromedriverVersion=97.0.4692.71 (adefa7837d02a07a604c1e6eff0b3a09422ab88d-refs/branch-heads/4692@{#1247}), userDataDir=C:\Users\SHRADH~1\AppData\Local\Temp\scoped_dir4952_82677134}, timeouts={implicit=0.0, pageLoad=300000.0, script=30000.0}, pageLoadStrategy=normal, unhandledPromptBehavior=dismiss and notify, strictFileInteractability=false, platform=ANY, proxy=Proxy(), goog:chromeOptions={debuggerAddress=localhost:57295}, webauthn:extension:credBlob=true, acceptInsecureCerts=false, browserVersion=98.0.4758.82, browserName=chrome, javascriptEnabled=true, platformName=windows, setWindowRect=true, webauthn:extension:largeBlob=true, webauthn:virtualAuthenticators=true}]
Session ID: 303160b06056dc96f9534eeecfe30fd4
*** Element info: {Using=xpath, value=//button[@id='gdpr-btn']}
	at org.openqa.selenium.remote.http.W3CHttpResponseCodec.createException(W3CHttpResponseCodec.java:150)
	at org.openqa.selenium.remote.http.W3CHttpResponseCodec.decode(W3CHttpResponseCodec.java:115)
	at org.openqa.selenium.remote.http.W3CHttpResponseCodec.decode(W3CHttpResponseCodec.java:45)
	at org.openqa.selenium.remote.HttpCommandExecutor.execute(HttpCommandExecutor.java:164)
	at org.openqa.selenium.remote.service.DriverCommandExecutor.execute(DriverCommandExecutor.java:82)
	at org.openqa.selenium.remote.RemoteWebDriver.execute(RemoteWebDriver.java:637)
	at org.openqa.selenium.remote.RemoteWebDriver.findElement(RemoteWebDriver.java:410)
	at org.openqa.selenium.remote.RemoteWebDriver.findElementByXPath(RemoteWebDriver.java:509)
	at org.openqa.selenium.By$ByXPath.findElement(By.java:361)
	at org.openqa.selenium.remote.RemoteWebDriver.findElement(RemoteWebDriver.java:402)
	at pageObjects.LasVegasMarket.UXPLandingPage.getIUnderstandBtn(UXPLandingPage.java:36)
	at americasmart.AmericasMartSmokeTest_UAT.initialize(AmericasMartSmokeTest_UAT.java:91)
... Removed 26 stack frames]]>
    </failure>
  </testcase> <!-- @BeforeTest initialize -->
  <testcase name="TS001_VerifyMarketPlannerLoginTest" time="0.008" classname="americasmart.AmericasMartSmokeTest_UAT">
    <skipped/>
  </testcase> <!-- TS001_VerifyMarketPlannerLoginTest -->
  <testcase name="TS002_VerifyExhibitorDirectoryTest" time="0.001" classname="americasmart.AmericasMartSmokeTest_UAT">
    <skipped/>
  </testcase> <!-- TS002_VerifyExhibitorDirectoryTest -->
  <testcase name="TS003_VerifyAllSocialMediaLinksOnFooterTest" time="0.003" classname="americasmart.AmericasMartSmokeTest_UAT">
    <skipped/>
  </testcase> <!-- TS003_VerifyAllSocialMediaLinksOnFooterTest -->
  <testcase name="TS005_VerifyAllLinksUnderAboutTabTest" time="0.002" classname="americasmart.AmericasMartSmokeTest_UAT">
    <skipped/>
  </testcase> <!-- TS005_VerifyAllLinksUnderAboutTabTest -->
  <testcase name="TS005_VerifyAllHeaderChanelLinksTest" time="0.002" classname="americasmart.AmericasMartSmokeTest_UAT">
    <skipped/>
  </testcase> <!-- TS005_VerifyAllHeaderChanelLinksTest -->
  <testcase name="TS006_VerifyAllLinksUnderMarketsAndEventsTabTest" time="0.003" classname="americasmart.AmericasMartSmokeTest_UAT">
    <skipped/>
  </testcase> <!-- TS006_VerifyAllLinksUnderMarketsAndEventsTabTest -->
  <testcase name="TS007_VerifyFooterLinksTest" time="0.001" classname="americasmart.AmericasMartSmokeTest_UAT">
    <skipped/>
  </testcase> <!-- TS007_VerifyFooterLinksTest -->
  <testcase name="TS008_VerifyGlobalSearchFunctionalityTest" time="0.002" classname="americasmart.AmericasMartSmokeTest_UAT">
    <skipped/>
  </testcase> <!-- TS008_VerifyGlobalSearchFunctionalityTest -->
  <testcase name="TS009_VerifyAllLinksUnderOpenYearRoundTest" time="0.003" classname="americasmart.AmericasMartSmokeTest_UAT">
    <skipped/>
  </testcase> <!-- TS009_VerifyAllLinksUnderOpenYearRoundTest -->
  <testcase name="TS010_VerifyAllLinksUnderExhibitTest" time="0.006" classname="americasmart.AmericasMartSmokeTest_UAT">
    <skipped/>
  </testcase> <!-- TS010_VerifyAllLinksUnderExhibitTest -->
</testsuite> <!-- Test -->
