<?xml version="1.0" encoding="UTF-8"?>
<!-- Generated by org.testng.reporters.JUnitXMLReporter -->
<testsuite hostname="NILAMMA-W10" name="Test" tests="9" failures="1" timestamp="5 May 2022 09:14:20 GMT" time="311.882" errors="0">
  <testcase name="TS001_VerifySitecoreLoginTest" time="19.81" classname="sitecore.SitecoreSmokeTest_PROD"/>
  <testcase name="TS002_VerifyContentEditorTest" time="23.02" classname="sitecore.SitecoreSmokeTest_PROD"/>
  <testcase name="TS003_VerifyDigitalAdminPanelTest" time="12.521" classname="sitecore.SitecoreSmokeTest_PROD">
    <failure type="org.openqa.selenium.WebDriverException" message="element click intercepted: Element &amp;lt;a class=&amp;quot;sc-global-logo medium&amp;quot; href=&amp;quot;/sitecore/shell/sitecore/client/Applications/Launchpad&amp;quot;&amp;gt;&amp;lt;/a&amp;gt; is not clickable at point (113, 25). Other element would receive the click: &amp;lt;div class=&amp;quot;overlay&amp;quot; id=&amp;quot;progressindicator&amp;quot;&amp;gt;...&amp;lt;/div&amp;gt;
  (Session info: chrome=101.0.4951.54)
Build info: version: &amp;apos;3.4.0&amp;apos;, revision: &amp;apos;unknown&amp;apos;, time: &amp;apos;unknown&amp;apos;
System info: host: &amp;apos;NILAMMA-W10&amp;apos;, ip: &amp;apos;192.168.68.2&amp;apos;, os.name: &amp;apos;Windows 10&amp;apos;, os.arch: &amp;apos;amd64&amp;apos;, os.version: &amp;apos;10.0&amp;apos;, java.version: &amp;apos;1.8.0_161&amp;apos;
Driver info: org.openqa.selenium.chrome.ChromeDriver
Capabilities [{networkConnectionEnabled=false, chrome={chromedriverVersion=100.0.4896.60 (6a5d10861ce8de5fce22564658033b43cb7de047-refs/branch-heads/4896@{#875}), userDataDir=C:\Users\nilamma\AppData\Local\Temp\scoped_dir17588_1839546678}, timeouts={implicit=0.0, pageLoad=300000.0, script=30000.0}, pageLoadStrategy=normal, unhandledPromptBehavior=dismiss and notify, strictFileInteractability=false, platform=ANY, proxy=Proxy(), goog:chromeOptions={debuggerAddress=localhost:54518}, webauthn:extension:credBlob=true, acceptInsecureCerts=false, browserVersion=101.0.4951.54, browserName=chrome, javascriptEnabled=true, platformName=windows, setWindowRect=true, webauthn:extension:largeBlob=true, webauthn:virtualAuthenticators=true}]
Session ID: 9891bcf1bbc99bd8b70b4f2ebee54912">
      <![CDATA[org.openqa.selenium.WebDriverException: element click intercepted: Element <a class="sc-global-logo medium" href="/sitecore/shell/sitecore/client/Applications/Launchpad"></a> is not clickable at point (113, 25). Other element would receive the click: <div class="overlay" id="progressindicator">...</div>
  (Session info: chrome=101.0.4951.54)
Build info: version: '3.4.0', revision: 'unknown', time: 'unknown'
System info: host: 'NILAMMA-W10', ip: '192.168.68.2', os.name: 'Windows 10', os.arch: 'amd64', os.version: '10.0', java.version: '1.8.0_161'
Driver info: org.openqa.selenium.chrome.ChromeDriver
Capabilities [{networkConnectionEnabled=false, chrome={chromedriverVersion=100.0.4896.60 (6a5d10861ce8de5fce22564658033b43cb7de047-refs/branch-heads/4896@{#875}), userDataDir=C:\Users\nilamma\AppData\Local\Temp\scoped_dir17588_1839546678}, timeouts={implicit=0.0, pageLoad=300000.0, script=30000.0}, pageLoadStrategy=normal, unhandledPromptBehavior=dismiss and notify, strictFileInteractability=false, platform=ANY, proxy=Proxy(), goog:chromeOptions={debuggerAddress=localhost:54518}, webauthn:extension:credBlob=true, acceptInsecureCerts=false, browserVersion=101.0.4951.54, browserName=chrome, javascriptEnabled=true, platformName=windows, setWindowRect=true, webauthn:extension:largeBlob=true, webauthn:virtualAuthenticators=true}]
Session ID: 9891bcf1bbc99bd8b70b4f2ebee54912
	at org.openqa.selenium.remote.http.W3CHttpResponseCodec.createException(W3CHttpResponseCodec.java:150)
	at org.openqa.selenium.remote.http.W3CHttpResponseCodec.decode(W3CHttpResponseCodec.java:115)
	at org.openqa.selenium.remote.http.W3CHttpResponseCodec.decode(W3CHttpResponseCodec.java:45)
	at org.openqa.selenium.remote.HttpCommandExecutor.execute(HttpCommandExecutor.java:164)
	at org.openqa.selenium.remote.service.DriverCommandExecutor.execute(DriverCommandExecutor.java:82)
	at org.openqa.selenium.remote.RemoteWebDriver.execute(RemoteWebDriver.java:637)
	at org.openqa.selenium.remote.RemoteWebElement.execute(RemoteWebElement.java:272)
	at org.openqa.selenium.remote.RemoteWebElement.click(RemoteWebElement.java:82)
	at sitecore.SitecoreSmokeTest_PROD.TS003_VerifyDigitalAdminPanelTest(SitecoreSmokeTest_PROD.java:79)
... Removed 28 stack frames]]>
    </failure>
  </testcase> <!-- TS003_VerifyDigitalAdminPanelTest -->
  <testcase name="TS004_VerifyShowSpecialApprovalsTest" time="75.136" classname="sitecore.SitecoreSmokeTest_PROD"/>
  <testcase name="TS005_VerifyExhibitorEventsApprovalTest" time="56.395" classname="sitecore.SitecoreSmokeTest_PROD"/>
  <testcase name="TS006_VerifyIMCReportsTest" time="58.352" classname="sitecore.SitecoreSmokeTest_PROD"/>
  <testcase name="TS007_VerifyTaxonomyManagerTest" time="15.694" classname="sitecore.SitecoreSmokeTest_PROD"/>
  <testcase name="TS008_VerifyEmailExperienceManagerTest" time="18.41" classname="sitecore.SitecoreSmokeTest_PROD"/>
  <testcase name="TS009_VerifyControlPanelTest" time="14.633" classname="sitecore.SitecoreSmokeTest_PROD"/>
</testsuite> <!-- Test -->
