<?xml version="1.0" encoding="UTF-8"?>
<testsuite xmlns:xsi="http://www.w3.org/2001/XMLSchema-instance" xsi:noNamespaceSchemaLocation="https://maven.apache.org/surefire/maven-surefire-plugin/xsd/surefire-test-report-3.0.xsd" version="3.0" name="TestSuite" time="433.15" tests="17" errors="0" skipped="0" failures="4">
  <properties>
    <property name="sun.desktop" value="windows"/>
    <property name="awt.toolkit" value="sun.awt.windows.WToolkit"/>
    <property name="file.encoding.pkg" value="sun.io"/>
    <property name="java.specification.version" value="1.8"/>
    <property name="webdriver.chrome.driver" value="C:\Users\nilamma\uxpWebAutomation/Drivers/chromedriver_101.exe"/>
    <property name="sun.cpu.isalist" value="amd64"/>
    <property name="sun.jnu.encoding" value="Cp1252"/>
    <property name="java.class.path" value="C:\Users\nilamma\uxpWebAutomation\target\test-classes;C:\Users\nilamma\uxpWebAutomation\target\classes;C:\Users\nilamma\.m2\repository\org\seleniumhq\selenium\selenium-java\3.4.0\selenium-java-3.4.0.jar;C:\Users\nilamma\.m2\repository\org\seleniumhq\selenium\selenium-api\3.4.0\selenium-api-3.4.0.jar;C:\Users\nilamma\.m2\repository\org\seleniumhq\selenium\selenium-chrome-driver\3.4.0\selenium-chrome-driver-3.4.0.jar;C:\Users\nilamma\.m2\repository\org\seleniumhq\selenium\selenium-edge-driver\3.4.0\selenium-edge-driver-3.4.0.jar;C:\Users\nilamma\.m2\repository\org\seleniumhq\selenium\selenium-firefox-driver\3.4.0\selenium-firefox-driver-3.4.0.jar;C:\Users\nilamma\.m2\repository\org\seleniumhq\selenium\selenium-ie-driver\3.4.0\selenium-ie-driver-3.4.0.jar;C:\Users\nilamma\.m2\repository\org\seleniumhq\selenium\selenium-opera-driver\3.4.0\selenium-opera-driver-3.4.0.jar;C:\Users\nilamma\.m2\repository\org\seleniumhq\selenium\selenium-remote-driver\3.4.0\selenium-remote-driver-3.4.0.jar;C:\Users\nilamma\.m2\repository\org\seleniumhq\selenium\selenium-safari-driver\3.4.0\selenium-safari-driver-3.4.0.jar;C:\Users\nilamma\.m2\repository\org\seleniumhq\selenium\selenium-support\3.4.0\selenium-support-3.4.0.jar;C:\Users\nilamma\.m2\repository\cglib\cglib-nodep\3.2.4\cglib-nodep-3.2.4.jar;C:\Users\nilamma\.m2\repository\org\apache\commons\commons-exec\1.3\commons-exec-1.3.jar;C:\Users\nilamma\.m2\repository\org\apache\commons\commons-lang3\3.5\commons-lang3-3.5.jar;C:\Users\nilamma\.m2\repository\commons-codec\commons-codec\1.10\commons-codec-1.10.jar;C:\Users\nilamma\.m2\repository\commons-io\commons-io\2.5\commons-io-2.5.jar;C:\Users\nilamma\.m2\repository\commons-logging\commons-logging\1.2\commons-logging-1.2.jar;C:\Users\nilamma\.m2\repository\org\w3c\css\sac\1.3\sac-1.3.jar;C:\Users\nilamma\.m2\repository\net\sourceforge\cssparser\cssparser\0.9.22\cssparser-0.9.22.jar;C:\Users\nilamma\.m2\repository\com\google\code\gson\gson\2.8.0\gson-2.8.0.jar;C:\Users\nilamma\.m2\repository\com\google\guava\guava\21.0\guava-21.0.jar;C:\Users\nilamma\.m2\repository\org\hamcrest\hamcrest-core\1.3\hamcrest-core-1.3.jar;C:\Users\nilamma\.m2\repository\net\sourceforge\htmlunit\htmlunit\2.26\htmlunit-2.26.jar;C:\Users\nilamma\.m2\repository\net\sourceforge\htmlunit\htmlunit-core-js\2.26\htmlunit-core-js-2.26.jar;C:\Users\nilamma\.m2\repository\net\sourceforge\htmlunit\neko-htmlunit\2.25\neko-htmlunit-2.25.jar;C:\Users\nilamma\.m2\repository\org\apache\httpcomponents\httpclient\4.5.3\httpclient-4.5.3.jar;C:\Users\nilamma\.m2\repository\org\apache\httpcomponents\httpcore\4.4.6\httpcore-4.4.6.jar;C:\Users\nilamma\.m2\repository\org\apache\httpcomponents\httpmime\4.5.3\httpmime-4.5.3.jar;C:\Users\nilamma\.m2\repository\org\eclipse\jetty\jetty-io\9.4.1.v20170120\jetty-io-9.4.1.v20170120.jar;C:\Users\nilamma\.m2\repository\org\eclipse\jetty\jetty-util\9.4.1.v20170120\jetty-util-9.4.1.v20170120.jar;C:\Users\nilamma\.m2\repository\net\java\dev\jna\jna\4.1.0\jna-4.1.0.jar;C:\Users\nilamma\.m2\repository\net\java\dev\jna\jna-platform\4.1.0\jna-platform-4.1.0.jar;C:\Users\nilamma\.m2\repository\junit\junit\4.12\junit-4.12.jar;C:\Users\nilamma\.m2\repository\com\codeborne\phantomjsdriver\1.4.0\phantomjsdriver-1.4.0.jar;C:\Users\nilamma\.m2\repository\org\seleniumhq\selenium\htmlunit-driver\2.26\htmlunit-driver-2.26.jar;C:\Users\nilamma\.m2\repository\javax\servlet\javax.servlet-api\3.1.0\javax.servlet-api-3.1.0.jar;C:\Users\nilamma\.m2\repository\org\eclipse\jetty\websocket\websocket-api\9.4.3.v20170317\websocket-api-9.4.3.v20170317.jar;C:\Users\nilamma\.m2\repository\org\eclipse\jetty\websocket\websocket-client\9.4.3.v20170317\websocket-client-9.4.3.v20170317.jar;C:\Users\nilamma\.m2\repository\org\eclipse\jetty\jetty-client\9.4.3.v20170317\jetty-client-9.4.3.v20170317.jar;C:\Users\nilamma\.m2\repository\org\eclipse\jetty\jetty-http\9.4.3.v20170317\jetty-http-9.4.3.v20170317.jar;C:\Users\nilamma\.m2\repository\org\eclipse\jetty\websocket\websocket-common\9.4.3.v20170317\websocket-common-9.4.3.v20170317.jar;C:\Users\nilamma\.m2\repository\xalan\serializer\2.7.2\serializer-2.7.2.jar;C:\Users\nilamma\.m2\repository\xalan\xalan\2.7.2\xalan-2.7.2.jar;C:\Users\nilamma\.m2\repository\xerces\xercesImpl\2.11.0\xercesImpl-2.11.0.jar;C:\Users\nilamma\.m2\repository\xml-apis\xml-apis\1.4.01\xml-apis-1.4.01.jar;C:\Users\nilamma\.m2\repository\org\testng\testng\6.8\testng-6.8.jar;C:\Users\nilamma\.m2\repository\org\beanshell\bsh\2.0b4\bsh-2.0b4.jar;C:\Users\nilamma\.m2\repository\com\beust\jcommander\1.27\jcommander-1.27.jar;C:\Users\nilamma\.m2\repository\org\yaml\snakeyaml\1.6\snakeyaml-1.6.jar;C:\Users\nilamma\.m2\repository\com\aventstack\extentreports\5.0.6\extentreports-5.0.6.jar;C:\Users\nilamma\.m2\repository\io\reactivex\rxjava3\rxjava\3.0.4\rxjava-3.0.4.jar;C:\Users\nilamma\.m2\repository\org\reactivestreams\reactive-streams\1.0.3\reactive-streams-1.0.3.jar;C:\Users\nilamma\.m2\repository\org\freemarker\freemarker\2.3.30\freemarker-2.3.30.jar;C:\Users\nilamma\.m2\repository\org\projectlombok\lombok\1.18.12\lombok-1.18.12.jar;C:\Users\nilamma\.m2\repository\com\sun\mail\javax.mail\1.6.2\javax.mail-1.6.2.jar;C:\Users\nilamma\.m2\repository\javax\activation\activation\1.1\activation-1.1.jar;"/>
    <property name="java.vm.vendor" value="Oracle Corporation"/>
    <property name="sun.arch.data.model" value="64"/>
    <property name="user.variant" value=""/>
    <property name="java.vendor.url" value="http://java.oracle.com/"/>
    <property name="user.timezone" value="Asia/Calcutta"/>
    <property name="java.vm.specification.version" value="1.8"/>
    <property name="os.name" value="Windows 10"/>
    <property name="user.country" value="US"/>
    <property name="sun.java.launcher" value="SUN_STANDARD"/>
    <property name="sun.boot.library.path" value="C:\Program Files\Java\jre1.8.0_161\bin"/>
    <property name="sun.java.command" value="C:\Users\nilamma\AppData\Local\Temp\surefire6797573918221790086\surefirebooter4417072104714834807.jar C:\Users\nilamma\AppData\Local\Temp\surefire6797573918221790086 2022-05-12T11-26-54_192-jvmRun1 surefire5980216062875033818tmp surefire_08534043200341475386tmp"/>
    <property name="surefire.test.class.path" value="C:\Users\nilamma\uxpWebAutomation\target\test-classes;C:\Users\nilamma\uxpWebAutomation\target\classes;C:\Users\nilamma\.m2\repository\org\seleniumhq\selenium\selenium-java\3.4.0\selenium-java-3.4.0.jar;C:\Users\nilamma\.m2\repository\org\seleniumhq\selenium\selenium-api\3.4.0\selenium-api-3.4.0.jar;C:\Users\nilamma\.m2\repository\org\seleniumhq\selenium\selenium-chrome-driver\3.4.0\selenium-chrome-driver-3.4.0.jar;C:\Users\nilamma\.m2\repository\org\seleniumhq\selenium\selenium-edge-driver\3.4.0\selenium-edge-driver-3.4.0.jar;C:\Users\nilamma\.m2\repository\org\seleniumhq\selenium\selenium-firefox-driver\3.4.0\selenium-firefox-driver-3.4.0.jar;C:\Users\nilamma\.m2\repository\org\seleniumhq\selenium\selenium-ie-driver\3.4.0\selenium-ie-driver-3.4.0.jar;C:\Users\nilamma\.m2\repository\org\seleniumhq\selenium\selenium-opera-driver\3.4.0\selenium-opera-driver-3.4.0.jar;C:\Users\nilamma\.m2\repository\org\seleniumhq\selenium\selenium-remote-driver\3.4.0\selenium-remote-driver-3.4.0.jar;C:\Users\nilamma\.m2\repository\org\seleniumhq\selenium\selenium-safari-driver\3.4.0\selenium-safari-driver-3.4.0.jar;C:\Users\nilamma\.m2\repository\org\seleniumhq\selenium\selenium-support\3.4.0\selenium-support-3.4.0.jar;C:\Users\nilamma\.m2\repository\cglib\cglib-nodep\3.2.4\cglib-nodep-3.2.4.jar;C:\Users\nilamma\.m2\repository\org\apache\commons\commons-exec\1.3\commons-exec-1.3.jar;C:\Users\nilamma\.m2\repository\org\apache\commons\commons-lang3\3.5\commons-lang3-3.5.jar;C:\Users\nilamma\.m2\repository\commons-codec\commons-codec\1.10\commons-codec-1.10.jar;C:\Users\nilamma\.m2\repository\commons-io\commons-io\2.5\commons-io-2.5.jar;C:\Users\nilamma\.m2\repository\commons-logging\commons-logging\1.2\commons-logging-1.2.jar;C:\Users\nilamma\.m2\repository\org\w3c\css\sac\1.3\sac-1.3.jar;C:\Users\nilamma\.m2\repository\net\sourceforge\cssparser\cssparser\0.9.22\cssparser-0.9.22.jar;C:\Users\nilamma\.m2\repository\com\google\code\gson\gson\2.8.0\gson-2.8.0.jar;C:\Users\nilamma\.m2\repository\com\google\guava\guava\21.0\guava-21.0.jar;C:\Users\nilamma\.m2\repository\org\hamcrest\hamcrest-core\1.3\hamcrest-core-1.3.jar;C:\Users\nilamma\.m2\repository\net\sourceforge\htmlunit\htmlunit\2.26\htmlunit-2.26.jar;C:\Users\nilamma\.m2\repository\net\sourceforge\htmlunit\htmlunit-core-js\2.26\htmlunit-core-js-2.26.jar;C:\Users\nilamma\.m2\repository\net\sourceforge\htmlunit\neko-htmlunit\2.25\neko-htmlunit-2.25.jar;C:\Users\nilamma\.m2\repository\org\apache\httpcomponents\httpclient\4.5.3\httpclient-4.5.3.jar;C:\Users\nilamma\.m2\repository\org\apache\httpcomponents\httpcore\4.4.6\httpcore-4.4.6.jar;C:\Users\nilamma\.m2\repository\org\apache\httpcomponents\httpmime\4.5.3\httpmime-4.5.3.jar;C:\Users\nilamma\.m2\repository\org\eclipse\jetty\jetty-io\9.4.1.v20170120\jetty-io-9.4.1.v20170120.jar;C:\Users\nilamma\.m2\repository\org\eclipse\jetty\jetty-util\9.4.1.v20170120\jetty-util-9.4.1.v20170120.jar;C:\Users\nilamma\.m2\repository\net\java\dev\jna\jna\4.1.0\jna-4.1.0.jar;C:\Users\nilamma\.m2\repository\net\java\dev\jna\jna-platform\4.1.0\jna-platform-4.1.0.jar;C:\Users\nilamma\.m2\repository\junit\junit\4.12\junit-4.12.jar;C:\Users\nilamma\.m2\repository\com\codeborne\phantomjsdriver\1.4.0\phantomjsdriver-1.4.0.jar;C:\Users\nilamma\.m2\repository\org\seleniumhq\selenium\htmlunit-driver\2.26\htmlunit-driver-2.26.jar;C:\Users\nilamma\.m2\repository\javax\servlet\javax.servlet-api\3.1.0\javax.servlet-api-3.1.0.jar;C:\Users\nilamma\.m2\repository\org\eclipse\jetty\websocket\websocket-api\9.4.3.v20170317\websocket-api-9.4.3.v20170317.jar;C:\Users\nilamma\.m2\repository\org\eclipse\jetty\websocket\websocket-client\9.4.3.v20170317\websocket-client-9.4.3.v20170317.jar;C:\Users\nilamma\.m2\repository\org\eclipse\jetty\jetty-client\9.4.3.v20170317\jetty-client-9.4.3.v20170317.jar;C:\Users\nilamma\.m2\repository\org\eclipse\jetty\jetty-http\9.4.3.v20170317\jetty-http-9.4.3.v20170317.jar;C:\Users\nilamma\.m2\repository\org\eclipse\jetty\websocket\websocket-common\9.4.3.v20170317\websocket-common-9.4.3.v20170317.jar;C:\Users\nilamma\.m2\repository\xalan\serializer\2.7.2\serializer-2.7.2.jar;C:\Users\nilamma\.m2\repository\xalan\xalan\2.7.2\xalan-2.7.2.jar;C:\Users\nilamma\.m2\repository\xerces\xercesImpl\2.11.0\xercesImpl-2.11.0.jar;C:\Users\nilamma\.m2\repository\xml-apis\xml-apis\1.4.01\xml-apis-1.4.01.jar;C:\Users\nilamma\.m2\repository\org\testng\testng\6.8\testng-6.8.jar;C:\Users\nilamma\.m2\repository\org\beanshell\bsh\2.0b4\bsh-2.0b4.jar;C:\Users\nilamma\.m2\repository\com\beust\jcommander\1.27\jcommander-1.27.jar;C:\Users\nilamma\.m2\repository\org\yaml\snakeyaml\1.6\snakeyaml-1.6.jar;C:\Users\nilamma\.m2\repository\com\aventstack\extentreports\5.0.6\extentreports-5.0.6.jar;C:\Users\nilamma\.m2\repository\io\reactivex\rxjava3\rxjava\3.0.4\rxjava-3.0.4.jar;C:\Users\nilamma\.m2\repository\org\reactivestreams\reactive-streams\1.0.3\reactive-streams-1.0.3.jar;C:\Users\nilamma\.m2\repository\org\freemarker\freemarker\2.3.30\freemarker-2.3.30.jar;C:\Users\nilamma\.m2\repository\org\projectlombok\lombok\1.18.12\lombok-1.18.12.jar;C:\Users\nilamma\.m2\repository\com\sun\mail\javax.mail\1.6.2\javax.mail-1.6.2.jar;C:\Users\nilamma\.m2\repository\javax\activation\activation\1.1\activation-1.1.jar;"/>
    <property name="sun.cpu.endian" value="little"/>
    <property name="user.home" value="C:\Users\nilamma"/>
    <property name="user.language" value="en"/>
    <property name="java.specification.vendor" value="Oracle Corporation"/>
    <property name="java.home" value="C:\Program Files\Java\jre1.8.0_161"/>
    <property name="basedir" value="C:\Users\nilamma\uxpWebAutomation"/>
    <property name="file.separator" value="\"/>
    <property name="line.separator" value="&#10;"/>
    <property name="java.vm.specification.vendor" value="Oracle Corporation"/>
    <property name="java.specification.name" value="Java Platform API Specification"/>
    <property name="java.awt.graphicsenv" value="sun.awt.Win32GraphicsEnvironment"/>
    <property name="surefire.real.class.path" value="C:\Users\nilamma\AppData\Local\Temp\surefire6797573918221790086\surefirebooter4417072104714834807.jar"/>
    <property name="sun.boot.class.path" value="C:\Program Files\Java\jre1.8.0_161\lib\resources.jar;C:\Program Files\Java\jre1.8.0_161\lib\rt.jar;C:\Program Files\Java\jre1.8.0_161\lib\sunrsasign.jar;C:\Program Files\Java\jre1.8.0_161\lib\jsse.jar;C:\Program Files\Java\jre1.8.0_161\lib\jce.jar;C:\Program Files\Java\jre1.8.0_161\lib\charsets.jar;C:\Program Files\Java\jre1.8.0_161\lib\jfr.jar;C:\Program Files\Java\jre1.8.0_161\classes"/>
    <property name="user.script" value=""/>
    <property name="sun.management.compiler" value="HotSpot 64-Bit Tiered Compilers"/>
    <property name="java.runtime.version" value="1.8.0_161-b12"/>
    <property name="user.name" value="nilamma"/>
    <property name="path.separator" value=";"/>
    <property name="os.version" value="10.0"/>
    <property name="java.endorsed.dirs" value="C:\Program Files\Java\jre1.8.0_161\lib\endorsed"/>
    <property name="java.runtime.name" value="Java(TM) SE Runtime Environment"/>
    <property name="file.encoding" value="Cp1252"/>
    <property name="jnidispatch.path" value="C:\Users\nilamma\AppData\Local\Temp\jna-1949956177\jna1122467143879127262.dll"/>
    <property name="java.vm.name" value="Java HotSpot(TM) 64-Bit Server VM"/>
    <property name="localRepository" value="C:\Users\nilamma\.m2\repository"/>
    <property name="java.vendor.url.bug" value="http://bugreport.sun.com/bugreport/"/>
    <property name="java.io.tmpdir" value="C:\Users\nilamma\AppData\Local\Temp\"/>
    <property name="java.version" value="1.8.0_161"/>
    <property name="user.dir" value="C:\Users\nilamma\uxpWebAutomation"/>
    <property name="os.arch" value="amd64"/>
    <property name="java.vm.specification.name" value="Java Virtual Machine Specification"/>
    <property name="java.awt.printerjob" value="sun.awt.windows.WPrinterJob"/>
    <property name="sun.os.patch.level" value=""/>
    <property name="java.library.path" value="C:\Program Files\Java\jre1.8.0_161\bin;C:\Windows\Sun\Java\bin;C:\Windows\system32;C:\Windows;C:/Program Files/Java/jre1.8.0_161/bin/server;C:/Program Files/Java/jre1.8.0_161/bin;C:/Program Files/Java/jre1.8.0_161/lib/amd64;C:\ProgramData\Oracle\Java\javapath;C:\Windows\system32;C:\Windows;C:\Windows\System32\Wbem;C:\Windows\System32\WindowsPowerShell\v1.0\;C:\Windows\System32\OpenSSH\;C:\Program Files (x86)\Microsoft SQL Server\140\Tools\Binn\;C:\Program Files\Microsoft SQL Server\140\Tools\Binn\;C:\Program Files (x86)\Microsoft SQL Server\140\DTS\Binn\;C:\Program Files\Microsoft SQL Server\140\DTS\Binn\;C:\Program Files\Microsoft SQL Server\Client SDK\ODBC\130\Tools\Binn\;C:\Program Files (x86)\Microsoft SQL Server\Client SDK\ODBC\130\Tools\Binn\;C:\Program Files (x86)\Microsoft SQL Server\140\Tools\Binn\ManagementStudio\;C:\Program Files\nodejs\;C:\Program Files\Java\jdk1.8.0_161\bin;C:\Program Files (x86)\cvsnt;C:\Users\nilamma\Jar files\chromedriver_win32\chromedriver;C:\Program Files\Git\cmd;C:\Program Files (x86)\CheckPoint\Endpoint Security\Endpoint Common\bin;C:\Users\nilamma\apache-maven-3.8.1-bin\apache-maven-3.8.1\bin;C:\Users\nilamma\AppData\Local\Programs\Python\Python37\Scripts\;C:\Users\nilamma\AppData\Local\Programs\Python\Python37\;C:\Users\nilamma\AppData\Local\Microsoft\WindowsApps;C:\Users\nilamma\AppData\Roaming\npm;C:\Program Files\JetBrains\PyCharm Community Edition 2018.3.5\bin;;C:\Program Files (x86)\eclipse-java-oxygen-3a-win32-x86_64\eclipse;;."/>
    <property name="java.vm.info" value="mixed mode"/>
    <property name="java.vendor" value="Oracle Corporation"/>
    <property name="java.vm.version" value="25.161-b12"/>
    <property name="java.ext.dirs" value="C:\Program Files\Java\jre1.8.0_161\lib\ext;C:\Windows\Sun\Java\lib\ext"/>
    <property name="sun.io.unicode.encoding" value="UnicodeLittle"/>
    <property name="java.class.version" value="52.0"/>
  </properties>
  <testcase name="TS001_VerifySitecoreLoginTest" classname="PROD.SitecoreSmokeTest_PROD" time="37.203">
    <failure message="Expected condition failed: waiting for element to be clickable: By.xpath: //a[@href=&apos;/sitecore/shell/sitecore/client/Applications/Launchpad&apos;] (tried for 20 second(s) with 500 MILLISECONDS interval)" type="org.openqa.selenium.TimeoutException"><![CDATA[org.openqa.selenium.TimeoutException: Expected condition failed: waiting for element to be clickable: By.xpath: //a[@href='/sitecore/shell/sitecore/client/Applications/Launchpad'] (tried for 20 second(s) with 500 MILLISECONDS interval)
	at PROD.SitecoreSmokeTest_PROD.TS001_VerifySitecoreLoginTest(SitecoreSmokeTest_PROD.java:54)
Caused by: org.openqa.selenium.NoSuchElementException: 
Cannot locate an element using By.xpath: //a[@href='/sitecore/shell/sitecore/client/Applications/Launchpad']
For documentation on this error, please visit: http://seleniumhq.org/exceptions/no_such_element.html
Build info: version: '3.4.0', revision: 'unknown', time: 'unknown'
System info: host: 'NILAMMA-W10', ip: '192.168.68.2', os.name: 'Windows 10', os.arch: 'amd64', os.version: '10.0', java.version: '1.8.0_161'
Driver info: driver.version: unknown
	at PROD.SitecoreSmokeTest_PROD.TS001_VerifySitecoreLoginTest(SitecoreSmokeTest_PROD.java:54)
]]></failure>
    <system-out><![CDATA[chrome
]]></system-out>
    <system-err><![CDATA[Starting ChromeDriver 101.0.4951.41 (93c720db8323b3ec10d056025ab95c23a31997c9-refs/branch-heads/4951@{#904}) on port 37096
Only local connections are allowed.
Please see https://chromedriver.chromium.org/security-considerations for suggestions on keeping ChromeDriver safe.
ChromeDriver was started successfully.
May 12, 2022 11:27:27 AM org.openqa.selenium.remote.ProtocolHandshake createSession
INFO: Detected dialect: W3C
]]></system-err>
  </testcase>
  <testcase name="TS002_VerifyContentEditorTest" classname="PROD.SitecoreSmokeTest_PROD" time="20.573">
    <failure message="Expected condition failed: waiting for element to be clickable: By.xpath: //a[@title = &apos;Content Editor&apos;] (tried for 20 second(s) with 500 MILLISECONDS interval)" type="org.openqa.selenium.TimeoutException"><![CDATA[org.openqa.selenium.TimeoutException: Expected condition failed: waiting for element to be clickable: By.xpath: //a[@title = 'Content Editor'] (tried for 20 second(s) with 500 MILLISECONDS interval)
	at PROD.SitecoreSmokeTest_PROD.TS002_VerifyContentEditorTest(SitecoreSmokeTest_PROD.java:67)
Caused by: org.openqa.selenium.NoSuchElementException: 
Cannot locate an element using By.xpath: //a[@title = 'Content Editor']
For documentation on this error, please visit: http://seleniumhq.org/exceptions/no_such_element.html
Build info: version: '3.4.0', revision: 'unknown', time: 'unknown'
System info: host: 'NILAMMA-W10', ip: '192.168.68.2', os.name: 'Windows 10', os.arch: 'amd64', os.version: '10.0', java.version: '1.8.0_161'
Driver info: driver.version: unknown
	at PROD.SitecoreSmokeTest_PROD.TS002_VerifyContentEditorTest(SitecoreSmokeTest_PROD.java:67)
]]></failure>
  </testcase>
  <testcase name="TS003_VerifyDigitalAdminPanelTest" classname="PROD.SitecoreSmokeTest_PROD" time="20.608">
    <failure message="Expected condition failed: waiting for element to be clickable: By.xpath: //a[@href=&apos;/sitecore/shell/sitecore/client/Applications/Launchpad&apos;] (tried for 20 second(s) with 500 MILLISECONDS interval)" type="org.openqa.selenium.TimeoutException"><![CDATA[org.openqa.selenium.TimeoutException: Expected condition failed: waiting for element to be clickable: By.xpath: //a[@href='/sitecore/shell/sitecore/client/Applications/Launchpad'] (tried for 20 second(s) with 500 MILLISECONDS interval)
	at PROD.SitecoreSmokeTest_PROD.TS003_VerifyDigitalAdminPanelTest(SitecoreSmokeTest_PROD.java:82)
Caused by: org.openqa.selenium.NoSuchElementException: 
Cannot locate an element using By.xpath: //a[@href='/sitecore/shell/sitecore/client/Applications/Launchpad']
For documentation on this error, please visit: http://seleniumhq.org/exceptions/no_such_element.html
Build info: version: '3.4.0', revision: 'unknown', time: 'unknown'
System info: host: 'NILAMMA-W10', ip: '192.168.68.2', os.name: 'Windows 10', os.arch: 'amd64', os.version: '10.0', java.version: '1.8.0_161'
Driver info: driver.version: unknown
	at PROD.SitecoreSmokeTest_PROD.TS003_VerifyDigitalAdminPanelTest(SitecoreSmokeTest_PROD.java:82)
]]></failure>
  </testcase>
  <testcase name="TS004_VerifyShowSpecialApprovalsTest" classname="PROD.SitecoreSmokeTest_PROD" time="19.8">
    <system-out><![CDATA[Show Special Approvals opened successfully.
]]></system-out>
  </testcase>
  <testcase name="TS005_VerifyExhibitorEventsApprovalTest" classname="PROD.SitecoreSmokeTest_PROD" time="9.119">
    <system-out><![CDATA[Exhibitor Events Approval opened successfully.
]]></system-out>
  </testcase>
  <testcase name="TS006_VerifyIMCReportsTest" classname="PROD.SitecoreSmokeTest_PROD" time="4.453">
    <system-out><![CDATA[IMC Reports opened successfully.
]]></system-out>
  </testcase>
  <testcase name="TS007_VerifyTaxonomyManagerTest" classname="PROD.SitecoreSmokeTest_PROD" time="4.316">
    <system-out><![CDATA[Taxonomy Manager opened successfully.
]]></system-out>
  </testcase>
  <testcase name="TS008_VerifyEmailExperienceManagerTest" classname="PROD.SitecoreSmokeTest_PROD" time="4.759">
    <system-out><![CDATA[Email Experience Manager opened successfully.
]]></system-out>
  </testcase>
  <testcase name="TS009_VerifyControlPanelTest" classname="PROD.SitecoreSmokeTest_PROD" time="10.975">
    <system-out><![CDATA[Control Panel opened successfully.
]]></system-out>
  </testcase>
  <testcase name="TS001_VerifyExhibitorPortalLoginTest" classname="PROD.ExhibitorPortalSmokeTest_PROD" time="51.576">
    <system-out><![CDATA[chrome
Exhibitor Portal home page is displayed properly.
]]></system-out>
    <system-err><![CDATA[Starting ChromeDriver 101.0.4951.41 (93c720db8323b3ec10d056025ab95c23a31997c9-refs/branch-heads/4951@{#904}) on port 34818
Only local connections are allowed.
Please see https://chromedriver.chromium.org/security-considerations for suggestions on keeping ChromeDriver safe.
ChromeDriver was started successfully.
May 12, 2022 11:30:00 AM org.openqa.selenium.remote.ProtocolHandshake createSession
INFO: Detected dialect: W3C
]]></system-err>
  </testcase>
  <testcase name="TS002_VerifyNotificationsTabTest" classname="PROD.ExhibitorPortalSmokeTest_PROD" time="3.676">
    <system-out><![CDATA[Exhibitor Portal notifications page is displayed properly.
]]></system-out>
  </testcase>
  <testcase name="TS003_VerifySettingsTabTest" classname="PROD.ExhibitorPortalSmokeTest_PROD" time="16.612">
    <system-out><![CDATA[Settings panel is displayed properly.
Exhibitor Portal Guide opened successfully.
Manage Users page is displayed properly.
Corporate Info page is displayed properly.
]]></system-out>
  </testcase>
  <testcase name="TS004_VerifyAllLinkUnderEXPRegistrationsAndServicesTabTest" classname="PROD.ExhibitorPortalSmokeTest_PROD" time="71.587">
    <system-out><![CDATA[EXP page
Registration And Services Tab 
Registration and Services section is displayed properly.
Exhibitor Registration 
Verify Exhibitor Registration Page
Registration And Services Tab 
Atlanta Services
New Window
Registration And Services Tab 
Atlanta Advertising and Sponcership
Registration And Services Tab 
Atlanta payment
Registration And Services Tab 
Expo Tool Kit page verified successfully
]]></system-out>
  </testcase>
  <testcase name="TS005_VerifyAllLinkUnderEXPApplicationsAndLeasesTest" classname="PROD.ExhibitorPortalSmokeTest_PROD" time="50.228">
    <system-out><![CDATA[EXP page
Applications And Leases Tab 
Registration and Services section is displayed properly.
Atlanta Permenat Space
Applications And Leases Tab 
Atlanta Apply For Tradeshow Space
Applications And Leases Tab 
Atlanta Manage Tradeshow Space
Applications And Leases Tab 
Atlanta Payment 
Verify AtlPayment
Applications And Leases Tab
Las Vegas Permanent Space
Leasing
Applications And Leases Tab 
Las Vegas Gift and Trade show Space 
Applications And Leases Tab 
Las Vegas Furnitre and Trade show Space 
]]></system-out>
  </testcase>
  <testcase name="TS006_VerifyAllLinkUnderYourDigiShowroomTest" classname="PROD.ExhibitorPortalSmokeTest_PROD" time="38.596">
    <system-out><![CDATA[Digital Showroom is displayed properly.
Your Digital Showroom
Catalog Flipbook
Your Digital Showroom
]]></system-out>
    <system-err><![CDATA[May 12, 2022 11:33:52 AM org.openqa.selenium.remote.ErrorCodes toStatus
INFO: HTTP Status: '404' -> incorrect JSON status mapping for 'stale element reference' (400 expected)
]]></system-err>
  </testcase>
  <testcase name="TS007_VerifyAllLinkUnderEXPMarketTabTest" classname="PROD.ExhibitorPortalSmokeTest_PROD" time="14.667"/>
  <testcase name="TS008_VerifyExhibitorPortalFooterLinksTest" classname="PROD.ExhibitorPortalSmokeTest_PROD" time="0.22">
    <failure type="java.lang.NullPointerException"><![CDATA[java.lang.NullPointerException
	at PROD.ExhibitorPortalSmokeTest_PROD.TS008_VerifyExhibitorPortalFooterLinksTest(ExhibitorPortalSmokeTest_PROD.java:567)
]]></failure>
  </testcase>
</testsuite>