<?xml version="1.0" encoding="UTF-8"?>
<!-- Generated by org.testng.reporters.JUnitReportReporter -->
<testsuite hostname="swapnili" name="lasvegasmarket_UAT.GlobalSearch_LineActions" tests="9" failures="0" timestamp="20 Jul 2022 10:53:23 GMT" time="422.095" errors="1">
  <testcase name="TS003_VerifyClickOnOrderOnJuniperMarketBtnForLineTest" time="36.171" classname="lasvegasmarket_UAT.GlobalSearch_LineActions"/>
  <testcase name="TS001_VerifyClickOnContactExhIconForLineTest" time="22.450" classname="lasvegasmarket_UAT.GlobalSearch_LineActions"/>
  <testcase name="TS004_VerifyAddToNewListForLineTest" time="61.651" classname="lasvegasmarket_UAT.GlobalSearch_LineActions"/>
  <testcase name="TS008_VerifyClickOnMatchingProductsSeeAllLinkForLineTest" time="55.355" classname="lasvegasmarket_UAT.GlobalSearch_LineActions">
    <error type="java.lang.AssertionError" message="expected [59727] but found [59730]">
      <![CDATA[java.lang.AssertionError: expected [59727] but found [59730]
	at org.testng.Assert.fail(Assert.java:94)
	at org.testng.Assert.failNotEquals(Assert.java:494)
	at org.testng.Assert.assertEquals(Assert.java:123)
	at org.testng.Assert.assertEquals(Assert.java:176)
	at org.testng.Assert.assertEquals(Assert.java:186)
	at lasvegasmarket_UAT.GlobalSearch_LineActions.TS008_VerifyClickOnMatchingProductsSeeAllLinkForLineTest(GlobalSearch_LineActions.java:446)
	at sun.reflect.NativeMethodAccessorImpl.invoke0(Native Method)
	at sun.reflect.NativeMethodAccessorImpl.invoke(NativeMethodAccessorImpl.java:62)
	at sun.reflect.DelegatingMethodAccessorImpl.invoke(DelegatingMethodAccessorImpl.java:43)
	at java.lang.reflect.Method.invoke(Method.java:498)
	at org.testng.internal.MethodInvocationHelper.invokeMethod(MethodInvocationHelper.java:80)
	at org.testng.internal.Invoker.invokeMethod(Invoker.java:714)
	at org.testng.internal.Invoker.invokeTestMethod(Invoker.java:901)
	at org.testng.internal.Invoker.invokeTestMethods(Invoker.java:1231)
	at org.testng.internal.TestMethodWorker.invokeTestMethods(TestMethodWorker.java:127)
	at org.testng.internal.TestMethodWorker.run(TestMethodWorker.java:111)
	at org.testng.TestRunner.privateRun(TestRunner.java:767)
	at org.testng.TestRunner.run(TestRunner.java:617)
	at org.testng.SuiteRunner.runTest(SuiteRunner.java:334)
	at org.testng.SuiteRunner.runSequentially(SuiteRunner.java:329)
	at org.testng.SuiteRunner.privateRun(SuiteRunner.java:291)
	at org.testng.SuiteRunner.run(SuiteRunner.java:240)
	at org.testng.SuiteRunnerWorker.runSuite(SuiteRunnerWorker.java:52)
	at org.testng.SuiteRunnerWorker.run(SuiteRunnerWorker.java:86)
	at org.testng.TestNG.runSuitesSequentially(TestNG.java:1198)
	at org.testng.TestNG.runSuitesLocally(TestNG.java:1123)
	at org.testng.TestNG.run(TestNG.java:1031)
	at org.testng.remote.AbstractRemoteTestNG.run(AbstractRemoteTestNG.java:114)
	at org.testng.remote.RemoteTestNG.initAndRun(RemoteTestNG.java:251)
	at org.testng.remote.RemoteTestNG.main(RemoteTestNG.java:77)
]]>
    </error>
  </testcase> <!-- TS008_VerifyClickOnMatchingProductsSeeAllLinkForLineTest -->
  <testcase name="TS007_VerifyClickOnLocationLinkForLineTest" time="31.467" classname="lasvegasmarket_UAT.GlobalSearch_LineActions"/>
  <testcase name="TS009_VerifyClickOnTotalProductsSeeAllLinkForLineTest" time="61.227" classname="lasvegasmarket_UAT.GlobalSearch_LineActions"/>
  <testcase name="TS005_VerifyAddToExistingListForLineTest" time="68.789" classname="lasvegasmarket_UAT.GlobalSearch_LineActions"/>
  <testcase name="TS002_VerifyAddToFavoriteForLineTest" time="50.554" classname="lasvegasmarket_UAT.GlobalSearch_LineActions"/>
  <testcase name="TS006_VerifyClickOnShownByExhibitorNameLinkForLineTest" time="34.431" classname="lasvegasmarket_UAT.GlobalSearch_LineActions"/>
</testsuite> <!-- lasvegasmarket_UAT.GlobalSearch_LineActions -->
