<?xml version="1.0" encoding="UTF-8"?>
<!-- Generated by org.testng.reporters.JUnitReportReporter -->
<testsuite hostname="Anuppa-VD3" failures="1" tests="12" name="PROD.AmericasMartSmokeTest_PROD" time="957.831" errors="1" timestamp="2025-01-06T15:09:01 IST" skipped="3">
  <testcase classname="PROD.AmericasMartSmokeTest_PROD" name="TS001_AMC_VerifyAllHeaderChanelLinksTest" time="133.029">
    <failure message="expected [true] but found [false]" type="java.lang.AssertionError">
      <![CDATA[java.lang.AssertionError: expected [true] but found [false]
at org.testng.Assert.fail(Assert.java:99)
at org.testng.Assert.failNotEquals(Assert.java:1037)
at org.testng.Assert.assertTrue(Assert.java:45)
at org.testng.Assert.assertTrue(Assert.java:55)
at PROD.AmericasMartSmokeTest_PROD.TS001_AMC_VerifyAllHeaderChanelLinksTest(AmericasMartSmokeTest_PROD.java:198)
at java.base/jdk.internal.reflect.DirectMethodHandleAccessor.invoke(DirectMethodHandleAccessor.java:103)
at java.base/java.lang.reflect.Method.invoke(Method.java:580)
at org.testng.internal.MethodInvocationHelper.invokeMethod(MethodInvocationHelper.java:133)
at org.testng.internal.TestInvoker.invokeMethod(TestInvoker.java:598)
at org.testng.internal.TestInvoker.invokeTestMethod(TestInvoker.java:173)
at org.testng.internal.MethodRunner.runInSequence(MethodRunner.java:46)
at org.testng.internal.TestInvoker$MethodInvocationAgent.invoke(TestInvoker.java:824)
at org.testng.internal.TestInvoker.invokeTestMethods(TestInvoker.java:146)
at org.testng.internal.TestMethodWorker.invokeTestMethods(TestMethodWorker.java:146)
at org.testng.internal.TestMethodWorker.run(TestMethodWorker.java:128)
at java.base/java.util.ArrayList.forEach(ArrayList.java:1596)
at org.testng.TestRunner.privateRun(TestRunner.java:794)
at org.testng.TestRunner.run(TestRunner.java:596)
at org.testng.SuiteRunner.runTest(SuiteRunner.java:377)
at org.testng.SuiteRunner.runSequentially(SuiteRunner.java:371)
at org.testng.SuiteRunner.privateRun(SuiteRunner.java:332)
at org.testng.SuiteRunner.run(SuiteRunner.java:276)
at org.testng.SuiteRunnerWorker.runSuite(SuiteRunnerWorker.java:53)
at org.testng.SuiteRunnerWorker.run(SuiteRunnerWorker.java:96)
at org.testng.TestNG.runSuitesSequentially(TestNG.java:1212)
at org.testng.TestNG.runSuitesLocally(TestNG.java:1134)
at org.testng.TestNG.runSuites(TestNG.java:1063)
at org.testng.TestNG.run(TestNG.java:1031)
at org.testng.remote.AbstractRemoteTestNG.run(AbstractRemoteTestNG.java:115)
at org.testng.remote.RemoteTestNG.initAndRun(RemoteTestNG.java:293)
at org.testng.remote.RemoteTestNG.main(RemoteTestNG.java:91)
]]>
    </failure>
  </testcase> <!-- TS001_AMC_VerifyAllHeaderChanelLinksTest -->
  <system-out/>
  <testcase classname="PROD.AmericasMartSmokeTest_PROD" name="TS002_AMC_VerifyAllSocialMediaLinksOnFooterTest" time="76.193"/>
  <system-out/>
  <testcase classname="PROD.AmericasMartSmokeTest_PROD" name="TS003_AMC_VerifyAllLinksUnderMarketsAndEventsTabTest" time="206.158"/>
  <system-out/>
  <testcase classname="PROD.AmericasMartSmokeTest_PROD" name="TS004_AMC_VerifyGlobalSearchFunctionalityTest" time="88.556"/>
  <system-out/>
  <testcase classname="PROD.AmericasMartSmokeTest_PROD" name="TS005_AMC_VerifyAllLinksUnderAboutTabTest" time="87.469">
    <error message="stale element reference: stale element not found in the current frame
  (Session info: chrome=131.0.6778.205)
For documentation on this error, please visit: https://www.selenium.dev/documentation/webdriver/troubleshooting/errors#stale-element-reference-exception
Build info: version: &#039;4.25.0&#039;, revision: &#039;8a8aea2337&#039;
System info: os.name: &#039;Windows 10&#039;, os.arch: &#039;amd64&#039;, os.version: &#039;10.0&#039;, java.version: &#039;21.0.3&#039;
Driver info: org.openqa.selenium.chrome.ChromeDriver
Command: [b3bc3f564948ac07d9c1ab3235abbf72, getElementText {id=f.61382A61EB9BB293D9579ECDA7E735F8.d.5837697CB4D6B7AE79F783F39C7B548D.e.514}]
Capabilities {acceptInsecureCerts: false, browserName: chrome, browserVersion: 131.0.6778.205, chrome: {chromedriverVersion: 131.0.6778.204 (52183f9e99a..., userDataDir: C:\Users\anuppa\AppData\Loc...}, fedcm:accounts: true, goog:chromeOptions: {debuggerAddress: localhost:55461}, networkConnectionEnabled: false, pageLoadStrategy: normal, platformName: windows, proxy: Proxy(), se:cdp: ws://localhost:55461/devtoo..., se:cdpVersion: 131.0.6778.205, setWindowRect: true, strictFileInteractability: false, timeouts: {implicit: 0, pageLoad: 300000, script: 30000}, unhandledPromptBehavior: dismiss and notify, webauthn:extension:credBlob: true, webauthn:extension:largeBlob: true, webauthn:extension:minPinLength: true, webauthn:extension:prf: true, webauthn:virtualAuthenticators: true}
Element: [[ChromeDriver: chrome on windows (b3bc3f564948ac07d9c1ab3235abbf72)] -&gt; xpath: //a[@data-xpath=&#039;breadcrumb.link&#039;]]
Session ID: b3bc3f564948ac07d9c1ab3235abbf72" type="org.openqa.selenium.StaleElementReferenceException">
      <![CDATA[org.openqa.selenium.StaleElementReferenceException: stale element reference: stale element not found in the current frame
  (Session info: chrome=131.0.6778.205)
For documentation on this error, please visit: https://www.selenium.dev/documentation/webdriver/troubleshooting/errors#stale-element-reference-exception
Build info: version: '4.25.0', revision: '8a8aea2337'
System info: os.name: 'Windows 10', os.arch: 'amd64', os.version: '10.0', java.version: '21.0.3'
Driver info: org.openqa.selenium.chrome.ChromeDriver
Command: [b3bc3f564948ac07d9c1ab3235abbf72, getElementText {id=f.61382A61EB9BB293D9579ECDA7E735F8.d.5837697CB4D6B7AE79F783F39C7B548D.e.514}]
Capabilities {acceptInsecureCerts: false, browserName: chrome, browserVersion: 131.0.6778.205, chrome: {chromedriverVersion: 131.0.6778.204 (52183f9e99a..., userDataDir: C:\Users\anuppa\AppData\Loc...}, fedcm:accounts: true, goog:chromeOptions: {debuggerAddress: localhost:55461}, networkConnectionEnabled: false, pageLoadStrategy: normal, platformName: windows, proxy: Proxy(), se:cdp: ws://localhost:55461/devtoo..., se:cdpVersion: 131.0.6778.205, setWindowRect: true, strictFileInteractability: false, timeouts: {implicit: 0, pageLoad: 300000, script: 30000}, unhandledPromptBehavior: dismiss and notify, webauthn:extension:credBlob: true, webauthn:extension:largeBlob: true, webauthn:extension:minPinLength: true, webauthn:extension:prf: true, webauthn:virtualAuthenticators: true}
Element: [[ChromeDriver: chrome on windows (b3bc3f564948ac07d9c1ab3235abbf72)] -> xpath: //a[@data-xpath='breadcrumb.link']]
Session ID: b3bc3f564948ac07d9c1ab3235abbf72
at java.base/jdk.internal.reflect.DirectConstructorHandleAccessor.newInstance(DirectConstructorHandleAccessor.java:62)
at java.base/java.lang.reflect.Constructor.newInstanceWithCaller(Constructor.java:502)
at java.base/java.lang.reflect.Constructor.newInstance(Constructor.java:486)
at org.openqa.selenium.remote.ErrorCodec.decode(ErrorCodec.java:167)
at org.openqa.selenium.remote.codec.w3c.W3CHttpResponseCodec.decode(W3CHttpResponseCodec.java:138)
at org.openqa.selenium.remote.codec.w3c.W3CHttpResponseCodec.decode(W3CHttpResponseCodec.java:50)
at org.openqa.selenium.remote.HttpCommandExecutor.execute(HttpCommandExecutor.java:190)
at org.openqa.selenium.remote.service.DriverCommandExecutor.invokeExecute(DriverCommandExecutor.java:216)
at org.openqa.selenium.remote.service.DriverCommandExecutor.execute(DriverCommandExecutor.java:174)
at org.openqa.selenium.remote.RemoteWebDriver.execute(RemoteWebDriver.java:545)
at org.openqa.selenium.remote.RemoteWebElement.execute(RemoteWebElement.java:223)
at org.openqa.selenium.remote.RemoteWebElement.getText(RemoteWebElement.java:191)
at PROD.AmericasMartSmokeTest_PROD.TS005_AMC_VerifyAllLinksUnderAboutTabTest(AmericasMartSmokeTest_PROD.java:547)
at java.base/jdk.internal.reflect.DirectMethodHandleAccessor.invoke(DirectMethodHandleAccessor.java:103)
at java.base/java.lang.reflect.Method.invoke(Method.java:580)
at org.testng.internal.MethodInvocationHelper.invokeMethod(MethodInvocationHelper.java:133)
at org.testng.internal.TestInvoker.invokeMethod(TestInvoker.java:598)
at org.testng.internal.TestInvoker.invokeTestMethod(TestInvoker.java:173)
at org.testng.internal.MethodRunner.runInSequence(MethodRunner.java:46)
at org.testng.internal.TestInvoker$MethodInvocationAgent.invoke(TestInvoker.java:824)
at org.testng.internal.TestInvoker.invokeTestMethods(TestInvoker.java:146)
at org.testng.internal.TestMethodWorker.invokeTestMethods(TestMethodWorker.java:146)
at org.testng.internal.TestMethodWorker.run(TestMethodWorker.java:128)
at java.base/java.util.ArrayList.forEach(ArrayList.java:1596)
at org.testng.TestRunner.privateRun(TestRunner.java:794)
at org.testng.TestRunner.run(TestRunner.java:596)
at org.testng.SuiteRunner.runTest(SuiteRunner.java:377)
at org.testng.SuiteRunner.runSequentially(SuiteRunner.java:371)
at org.testng.SuiteRunner.privateRun(SuiteRunner.java:332)
at org.testng.SuiteRunner.run(SuiteRunner.java:276)
at org.testng.SuiteRunnerWorker.runSuite(SuiteRunnerWorker.java:53)
at org.testng.SuiteRunnerWorker.run(SuiteRunnerWorker.java:96)
at org.testng.TestNG.runSuitesSequentially(TestNG.java:1212)
at org.testng.TestNG.runSuitesLocally(TestNG.java:1134)
at org.testng.TestNG.runSuites(TestNG.java:1063)
at org.testng.TestNG.run(TestNG.java:1031)
at org.testng.remote.AbstractRemoteTestNG.run(AbstractRemoteTestNG.java:115)
at org.testng.remote.RemoteTestNG.initAndRun(RemoteTestNG.java:293)
at org.testng.remote.RemoteTestNG.main(RemoteTestNG.java:91)
]]>
    </error>
  </testcase> <!-- TS005_AMC_VerifyAllLinksUnderAboutTabTest -->
  <system-out/>
  <testcase classname="PROD.AmericasMartSmokeTest_PROD" name="TS006_AMC_VerifyAllLinksUnderExhibitTest" time="67.871"/>
  <system-out/>
  <testcase classname="PROD.AmericasMartSmokeTest_PROD" name="TS007_AMC_VerifyAllLinksUnderOpenYearRoundTest" time="160.154"/>
  <system-out/>
  <testcase classname="PROD.AmericasMartSmokeTest_PROD" name="TS008_AMC_VerifyExhibitorDirectoryTest" time="33.864"/>
  <system-out/>
  <testcase classname="PROD.AmericasMartSmokeTest_PROD" name="TS009_AMC_VerifyFooterLinksTest" time="104.537"/>
  <system-out/>
  <testcase classname="PROD.AmericasMartSmokeTest_PROD" name="TS011_AMC_VerifyMarketPlannerProfileAndSettingsOptionTest">
    <skipped/>
  </testcase> <!-- TS011_AMC_VerifyMarketPlannerProfileAndSettingsOptionTest -->
  <system-out/>
  <testcase classname="PROD.AmericasMartSmokeTest_PROD" name="TS010_AMC_VerifyMarketPlannerLoginTest">
    <skipped/>
  </testcase> <!-- TS010_AMC_VerifyMarketPlannerLoginTest -->
  <system-out/>
  <testcase classname="PROD.AmericasMartSmokeTest_PROD" name="TS012_AMC_VerifyMarketPlannerExhibitorPortalOptionTest">
    <skipped/>
  </testcase> <!-- TS012_AMC_VerifyMarketPlannerExhibitorPortalOptionTest -->
  <system-out/>
</testsuite> <!-- PROD.AmericasMartSmokeTest_PROD -->
